Traceback (most recent call last):
  File "/opt/hostedtoolcache/Python/3.9.13/x64/lib/python3.9/site-packages/jupyter_cache/executors/utils.py", line 58, in single_nb_execution
    executenb(
  File "/opt/hostedtoolcache/Python/3.9.13/x64/lib/python3.9/site-packages/nbclient/client.py", line 1204, in execute
    return NotebookClient(nb=nb, resources=resources, km=km, **kwargs).execute()
  File "/opt/hostedtoolcache/Python/3.9.13/x64/lib/python3.9/site-packages/nbclient/util.py", line 84, in wrapped
    return just_run(coro(*args, **kwargs))
  File "/opt/hostedtoolcache/Python/3.9.13/x64/lib/python3.9/site-packages/nbclient/util.py", line 62, in just_run
    return loop.run_until_complete(coro)
  File "/opt/hostedtoolcache/Python/3.9.13/x64/lib/python3.9/asyncio/base_events.py", line 647, in run_until_complete
    return future.result()
  File "/opt/hostedtoolcache/Python/3.9.13/x64/lib/python3.9/site-packages/nbclient/client.py", line 663, in async_execute
    await self.async_execute_cell(
  File "/opt/hostedtoolcache/Python/3.9.13/x64/lib/python3.9/site-packages/nbclient/client.py", line 965, in async_execute_cell
    await self._check_raise_for_error(cell, cell_index, exec_reply)
  File "/opt/hostedtoolcache/Python/3.9.13/x64/lib/python3.9/site-packages/nbclient/client.py", line 862, in _check_raise_for_error
    raise CellExecutionError.from_cell_and_msg(cell, exec_reply_content)
nbclient.exceptions.CellExecutionError: An error occurred while executing the following cell:
------------------
import aesara.tensor as at
import arviz as az
import matplotlib.pyplot as plt
import numpy as np
import pandas as pd
import seaborn as sns
from scipy.stats import norm

import pymc as pm

sns.set_context('talk')
------------------

[0;31m---------------------------------------------------------------------------[0m
[0;31mTypeError[0m                                 Traceback (most recent call last)
Input [0;32mIn [2][0m, in [0;36m<cell line: 2>[0;34m()[0m
[1;32m      1[0m [38;5;28;01mimport[39;00m [38;5;21;01maesara[39;00m[38;5;21;01m.[39;00m[38;5;21;01mtensor[39;00m [38;5;28;01mas[39;00m [38;5;21;01mat[39;00m
[0;32m----> 2[0m [38;5;28;01mimport[39;00m [38;5;21;01marviz[39;00m [38;5;28;01mas[39;00m [38;5;21;01maz[39;00m
[1;32m      3[0m [38;5;28;01mimport[39;00m [38;5;21;01mmatplotlib[39;00m[38;5;21;01m.[39;00m[38;5;21;01mpyplot[39;00m [38;5;28;01mas[39;00m [38;5;21;01mplt[39;00m
[1;32m      4[0m [38;5;28;01mimport[39;00m [38;5;21;01mnumpy[39;00m [38;5;28;01mas[39;00m [38;5;21;01mnp[39;00m

File [0;32m/opt/hostedtoolcache/Python/3.9.13/x64/lib/python3.9/site-packages/arviz/__init__.py:32[0m, in [0;36m<module>[0;34m[0m
[1;32m     26[0m         [38;5;28msuper[39m()[38;5;241m.[39m_log(level, msg, [38;5;241m*[39margs, [38;5;241m*[39m[38;5;241m*[39mkwargs)
[1;32m     29[0m _log [38;5;241m=[39m Logger([38;5;124m"[39m[38;5;124marviz[39m[38;5;124m"[39m)
[0;32m---> 32[0m [38;5;28;01mfrom[39;00m [38;5;21;01m.[39;00m[38;5;21;01mdata[39;00m [38;5;28;01mimport[39;00m [38;5;241m*[39m
[1;32m     33[0m [38;5;28;01mfrom[39;00m [38;5;21;01m.[39;00m[38;5;21;01mplots[39;00m [38;5;28;01mimport[39;00m [38;5;241m*[39m
[1;32m     34[0m [38;5;28;01mfrom[39;00m [38;5;21;01m.[39;00m[38;5;21;01mplots[39;00m[38;5;21;01m.[39;00m[38;5;21;01mbackends[39;00m [38;5;28;01mimport[39;00m [38;5;241m*[39m

File [0;32m/opt/hostedtoolcache/Python/3.9.13/x64/lib/python3.9/site-packages/arviz/data/__init__.py:2[0m, in [0;36m<module>[0;34m[0m
[1;32m      1[0m [38;5;124;03m"""Code for loading and manipulating data structures."""[39;00m
[0;32m----> 2[0m [38;5;28;01mfrom[39;00m [38;5;21;01m.[39;00m[38;5;21;01mbase[39;00m [38;5;28;01mimport[39;00m CoordSpec, DimSpec, dict_to_dataset, numpy_to_data_array
[1;32m      3[0m [38;5;28;01mfrom[39;00m [38;5;21;01m.[39;00m[38;5;21;01mconverters[39;00m [38;5;28;01mimport[39;00m convert_to_dataset, convert_to_inference_data
[1;32m      4[0m [38;5;28;01mfrom[39;00m [38;5;21;01m.[39;00m[38;5;21;01mdatasets[39;00m [38;5;28;01mimport[39;00m clear_data_home, list_datasets, load_arviz_data

File [0;32m/opt/hostedtoolcache/Python/3.9.13/x64/lib/python3.9/site-packages/arviz/data/base.py:11[0m, in [0;36m<module>[0;34m[0m
[1;32m      9[0m [38;5;28;01mimport[39;00m [38;5;21;01mnumpy[39;00m [38;5;28;01mas[39;00m [38;5;21;01mnp[39;00m
[1;32m     10[0m [38;5;28;01mimport[39;00m [38;5;21;01mpkg_resources[39;00m
[0;32m---> 11[0m [38;5;28;01mimport[39;00m [38;5;21;01mxarray[39;00m [38;5;28;01mas[39;00m [38;5;21;01mxr[39;00m
[1;32m     13[0m [38;5;28;01mtry[39;00m:
[1;32m     14[0m     [38;5;28;01mimport[39;00m [38;5;21;01mujson[39;00m [38;5;28;01mas[39;00m [38;5;21;01mjson[39;00m

File [0;32m/opt/hostedtoolcache/Python/3.9.13/x64/lib/python3.9/site-packages/xarray/__init__.py:1[0m, in [0;36m<module>[0;34m[0m
[0;32m----> 1[0m [38;5;28;01mfrom[39;00m [38;5;21;01m.[39;00m [38;5;28;01mimport[39;00m testing, tutorial
[1;32m      2[0m [38;5;28;01mfrom[39;00m [38;5;21;01m.[39;00m[38;5;21;01mbackends[39;00m[38;5;21;01m.[39;00m[38;5;21;01mapi[39;00m [38;5;28;01mimport[39;00m (
[1;32m      3[0m     load_dataarray,
[1;32m      4[0m     load_dataset,
[0;32m   (...)[0m
[1;32m      8[0m     save_mfdataset,
[1;32m      9[0m )
[1;32m     10[0m [38;5;28;01mfrom[39;00m [38;5;21;01m.[39;00m[38;5;21;01mbackends[39;00m[38;5;21;01m.[39;00m[38;5;21;01mrasterio_[39;00m [38;5;28;01mimport[39;00m open_rasterio

File [0;32m/opt/hostedtoolcache/Python/3.9.13/x64/lib/python3.9/site-packages/xarray/testing.py:9[0m, in [0;36m<module>[0;34m[0m
[1;32m      6[0m [38;5;28;01mimport[39;00m [38;5;21;01mnumpy[39;00m [38;5;28;01mas[39;00m [38;5;21;01mnp[39;00m
[1;32m      7[0m [38;5;28;01mimport[39;00m [38;5;21;01mpandas[39;00m [38;5;28;01mas[39;00m [38;5;21;01mpd[39;00m
[0;32m----> 9[0m [38;5;28;01mfrom[39;00m [38;5;21;01mxarray[39;00m[38;5;21;01m.[39;00m[38;5;21;01mcore[39;00m [38;5;28;01mimport[39;00m duck_array_ops, formatting, utils
[1;32m     10[0m [38;5;28;01mfrom[39;00m [38;5;21;01mxarray[39;00m[38;5;21;01m.[39;00m[38;5;21;01mcore[39;00m[38;5;21;01m.[39;00m[38;5;21;01mdataarray[39;00m [38;5;28;01mimport[39;00m DataArray
[1;32m     11[0m [38;5;28;01mfrom[39;00m [38;5;21;01mxarray[39;00m[38;5;21;01m.[39;00m[38;5;21;01mcore[39;00m[38;5;21;01m.[39;00m[38;5;21;01mdataset[39;00m [38;5;28;01mimport[39;00m Dataset

File [0;32m/opt/hostedtoolcache/Python/3.9.13/x64/lib/python3.9/site-packages/xarray/core/duck_array_ops.py:26[0m, in [0;36m<module>[0;34m[0m
[1;32m     23[0m [38;5;28;01mfrom[39;00m [38;5;21;01mnumpy[39;00m [38;5;28;01mimport[39;00m take, tensordot, transpose, unravel_index  [38;5;66;03m# noqa[39;00m
[1;32m     24[0m [38;5;28;01mfrom[39;00m [38;5;21;01mnumpy[39;00m [38;5;28;01mimport[39;00m where [38;5;28;01mas[39;00m _where
[0;32m---> 26[0m [38;5;28;01mfrom[39;00m [38;5;21;01m.[39;00m [38;5;28;01mimport[39;00m dask_array_compat, dask_array_ops, dtypes, npcompat, nputils
[1;32m     27[0m [38;5;28;01mfrom[39;00m [38;5;21;01m.[39;00m[38;5;21;01mnputils[39;00m [38;5;28;01mimport[39;00m nanfirst, nanlast
[1;32m     28[0m [38;5;28;01mfrom[39;00m [38;5;21;01m.[39;00m[38;5;21;01mpycompat[39;00m [38;5;28;01mimport[39;00m cupy_array_type, dask_array_type, is_duck_dask_array

File [0;32m/opt/hostedtoolcache/Python/3.9.13/x64/lib/python3.9/site-packages/xarray/core/npcompat.py:72[0m, in [0;36m<module>[0;34m[0m
[1;32m     49[0m     [38;5;28;01mfrom[39;00m [38;5;21;01mnumpy[39;00m[38;5;21;01m.[39;00m[38;5;21;01mtyping[39;00m[38;5;21;01m.[39;00m[38;5;21;01m_dtype_like[39;00m [38;5;28;01mimport[39;00m _DTypeLikeNested, _ShapeLike, _SupportsDType
[1;32m     51[0m     [38;5;66;03m# Xarray requires a Mapping[Hashable, dtype] in many places which[39;00m
[1;32m     52[0m     [38;5;66;03m# conflics with numpys own DTypeLike (with dtypes for fields).[39;00m
[1;32m     53[0m     [38;5;66;03m# https://numpy.org/devdocs/reference/typing.html#numpy.typing.DTypeLike[39;00m
[1;32m     54[0m     [38;5;66;03m# This is a copy of this DTypeLike that allows only non-Mapping dtypes.[39;00m
[1;32m     55[0m     DTypeLikeSave [38;5;241m=[39m Union[
[1;32m     56[0m         np[38;5;241m.[39mdtype,
[1;32m     57[0m         [38;5;66;03m# default data type (float64)[39;00m
[1;32m     58[0m         [38;5;28;01mNone[39;00m,
[1;32m     59[0m         [38;5;66;03m# array-scalar types and generic types[39;00m
[1;32m     60[0m         Type[Any],
[1;32m     61[0m         [38;5;66;03m# character codes, type strings or comma-separated fields, e.g., 'float64'[39;00m
[1;32m     62[0m         [38;5;28mstr[39m,
[1;32m     63[0m         [38;5;66;03m# (flexible_dtype, itemsize)[39;00m
[1;32m     64[0m         Tuple[_DTypeLikeNested, [38;5;28mint[39m],
[1;32m     65[0m         [38;5;66;03m# (fixed_dtype, shape)[39;00m
[1;32m     66[0m         Tuple[_DTypeLikeNested, _ShapeLike],
[1;32m     67[0m         [38;5;66;03m# (base_dtype, new_dtype)[39;00m
[1;32m     68[0m         Tuple[_DTypeLikeNested, _DTypeLikeNested],
[1;32m     69[0m         [38;5;66;03m# because numpy does the same?[39;00m
[1;32m     70[0m         List[Any],
[1;32m     71[0m         [38;5;66;03m# anything with a dtype attribute[39;00m
[0;32m---> 72[0m         [43m_SupportsDType[49m[43m[[49m[43mnp[49m[38;5;241;43m.[39;49m[43mdtype[49m[43m][49m,
[1;32m     73[0m     ]
[1;32m     74[0m [38;5;28;01mexcept[39;00m [38;5;167;01mImportError[39;00m:
[1;32m     75[0m     [38;5;66;03m# fall back for numpy < 1.20, ArrayLike adapted from numpy.typing._array_like[39;00m
[1;32m     76[0m     [38;5;28;01mfrom[39;00m [38;5;21;01mtyping[39;00m [38;5;28;01mimport[39;00m Protocol

File [0;32m/opt/hostedtoolcache/Python/3.9.13/x64/lib/python3.9/typing.py:277[0m, in [0;36m_tp_cache.<locals>.decorator.<locals>.inner[0;34m(*args, **kwds)[0m
[1;32m    275[0m [38;5;28;01mexcept[39;00m [38;5;167;01mTypeError[39;00m:
[1;32m    276[0m     [38;5;28;01mpass[39;00m  [38;5;66;03m# All real errors (not unhashable args) are raised below.[39;00m
[0;32m--> 277[0m [38;5;28;01mreturn[39;00m [43mfunc[49m[43m([49m[38;5;241;43m*[39;49m[43margs[49m[43m,[49m[43m [49m[38;5;241;43m*[39;49m[38;5;241;43m*[39;49m[43mkwds[49m[43m)[49m

File [0;32m/opt/hostedtoolcache/Python/3.9.13/x64/lib/python3.9/typing.py:1004[0m, in [0;36mGeneric.__class_getitem__[0;34m(cls, params)[0m
[1;32m   1000[0m         [38;5;28;01mraise[39;00m [38;5;167;01mTypeError[39;00m(
[1;32m   1001[0m             [38;5;124mf[39m[38;5;124m"[39m[38;5;124mParameters to [39m[38;5;132;01m{[39;00m[38;5;28mcls[39m[38;5;241m.[39m[38;5;18m__name__[39m[38;5;132;01m}[39;00m[38;5;124m[...] must all be unique[39m[38;5;124m"[39m)
[1;32m   1002[0m [38;5;28;01melse[39;00m:
[1;32m   1003[0m     [38;5;66;03m# Subscripting a regular Generic subclass.[39;00m
[0;32m-> 1004[0m     [43m_check_generic[49m[43m([49m[38;5;28;43mcls[39;49m[43m,[49m[43m [49m[43mparams[49m[43m,[49m[43m [49m[38;5;28;43mlen[39;49m[43m([49m[38;5;28;43mcls[39;49m[38;5;241;43m.[39;49m[43m__parameters__[49m[43m)[49m[43m)[49m
[1;32m   1005[0m [38;5;28;01mreturn[39;00m _GenericAlias([38;5;28mcls[39m, params)

File [0;32m/opt/hostedtoolcache/Python/3.9.13/x64/lib/python3.9/site-packages/typing_extensions.py:92[0m, in [0;36m_check_generic[0;34m(cls, parameters, elen)[0m
[1;32m     88[0m [38;5;124;03m"""Check correct count for parameters of a generic cls (internal helper).[39;00m
[1;32m     89[0m [38;5;124;03mThis gives a nice error message in case of count mismatch.[39;00m
[1;32m     90[0m [38;5;124;03m"""[39;00m
[1;32m     91[0m [38;5;28;01mif[39;00m [38;5;129;01mnot[39;00m elen:
[0;32m---> 92[0m     [38;5;28;01mraise[39;00m [38;5;167;01mTypeError[39;00m([38;5;124mf[39m[38;5;124m"[39m[38;5;132;01m{[39;00m[38;5;28mcls[39m[38;5;132;01m}[39;00m[38;5;124m is not a generic class[39m[38;5;124m"[39m)
[1;32m     93[0m [38;5;28;01mif[39;00m elen [38;5;129;01mis[39;00m _marker:
[1;32m     94[0m     [38;5;28;01mif[39;00m [38;5;129;01mnot[39;00m [38;5;28mhasattr[39m([38;5;28mcls[39m, [38;5;124m"[39m[38;5;124m__parameters__[39m[38;5;124m"[39m) [38;5;129;01mor[39;00m [38;5;129;01mnot[39;00m [38;5;28mcls[39m[38;5;241m.[39m__parameters__:

[0;31mTypeError[0m: <class 'numpy.typing._dtype_like._SupportsDType'> is not a generic class
TypeError: <class 'numpy.typing._dtype_like._SupportsDType'> is not a generic class

