0.5823 	WARNING 	We strongly recommend you activate the PTB sound engine in PsychoPy prefs as the preferred audio engine. Its timing is vastly superior. Your prefs are currently set to use ['pyo', 'pygame'] (in that order).
1.8585 	WARNING 	Import Error: No module named 'psychtoolbox'. Using event module for keyboard component.
3.5675 	WARNING 	User requested fullscreen with size [1440 2560], but screen is actually [1920, 1080]. Using actual size
5.0826 	EXP 	Created window1 = Window(allowGUI=True, allowStencil=False, args=UNKNOWN, autoLog=True, bitsMode=UNKNOWN, blendMode='avg', bpc=(8, 8, 8), color=array([0., 0., 0.]), colorSpace='rgb', depthBits=8, fullscr=<method-wrapper '__getattribute__' of attributeSetter object at 0x0000016DC95FAF48>, gamma=None, gammaErrorPolicy='raise', kwargs=UNKNOWN, lms=UNKNOWN, monitor=<psychopy.monitors.calibTools.Monitor object at 0x0000016DC965A408>, multiSample=False, name='window1', numSamples=2, pos=[0.0, 0.0], screen=0, size=array([1920, 1080]), stencilBits=0, stereo=False, units='height', useFBO=True, useRetina=False, viewOri=0.0, viewPos=None, viewScale=None, waitBlanking=True, winType='pyglet')
5.0827 	EXP 	window1: recordFrameIntervals = False
5.2497 	EXP 	window1: recordFrameIntervals = True
5.4333 	EXP 	window1: recordFrameIntervals = False
5.5033 	EXP 	Created text_2 = TextStim(__class__=<class 'psychopy.visual.text.TextStim'>, alignHoriz=method-wrapper(...), alignText='center', alignVert=method-wrapper(...), anchorHoriz='center', anchorVert='center', antialias=True, autoLog=True, bold=False, color='white', colorSpace='named', contrast=1.0, depth=-1.0, flipHoriz=False, flipVert=False, font='Arial', fontFiles=[], height=0.1, italic=False, languageStyle='LTR', name='text_2', opacity=1.0, ori=0, pos=array([0., 0.]), rgb=array([255., 255., 255.]), text='Waiting for trigger', units='height', win=Window(...), wrapWidth=1)
5.5044 	EXP 	Created fiCross1 = ShapeStim(__class__=<class 'psychopy.visual.shape.ShapeStim'>, autoDraw=False, autoLog=True, closeShape=True, contrast=1.0, depth=0.0, fillColor=array([1., 1., 1.]), fillColorSpace='rgb', interpolate=True, lineColor=array([1., 1., 1.]), lineColorSpace='rgb', lineWidth=1, name='fiCross1', opacity=1.0, ori=array(0.), pos=array([0., 0.]), size=array([0.1, 0.1]), units='height', vertices=ndarray(...), win=Window(...), windingRule=None)
6.1450 	EXP 	Created Listen = ImageStim(__class__=<class 'psychopy.visual.image.ImageStim'>, autoLog=True, color=array([1., 1., 1.]), colorSpace='rgb', contrast=1.0, depth=0.0, flipHoriz=False, flipVert=False, image='Images/heartbeat.png', interpolate=True, mask=None, maskParams=None, name='Listen', opacity=1.0, ori=0.0, pos=array([ 0. , -0.2]), size=array([0.18480903, 0.15169271]), texRes=128, units='height', win=Window(...))
6.1585 	EXP 	Created textListen = TextStim(__class__=<class 'psychopy.visual.text.TextStim'>, alignHoriz=method-wrapper(...), alignText='center', alignVert=method-wrapper(...), anchorHoriz='center', anchorVert='center', antialias=True, autoLog=True, bold=False, color='white', colorSpace='named', contrast=1.0, depth=-1.0, flipHoriz=False, flipVert=False, font='Arial', fontFiles=[], height=0.04, italic=False, languageStyle='LTR', name='textListen', opacity=1.0, ori=0, pos=array([0. , 0.2]), rgb=array([255., 255., 255.]), text='Listen to your Heart', units='height', win=Window(...), wrapWidth=1)
6.1690 	EXP 	Created text_7 = TextStim(__class__=<class 'psychopy.visual.text.TextStim'>, alignHoriz=method-wrapper(...), alignText='center', alignVert=method-wrapper(...), anchorHoriz='center', anchorVert='center', antialias=True, autoLog=True, bold=False, color='red', colorSpace='named', contrast=1.0, depth=0.0, flipHoriz=False, flipVert=False, font='Arial', fontFiles=[], height=0.1, italic=False, languageStyle='LTR', name='text_7', opacity=1.0, ori=0, pos=array([0., 0.]), rgb=array([255.,   0.,   0.]), text='Please stay still during the recording', units='height', win=Window(...), wrapWidth=1)
6.1729 	EXP 	Created text_3 = TextStim(__class__=<class 'psychopy.visual.text.TextStim'>, alignHoriz=method-wrapper(...), alignText='center', alignVert=method-wrapper(...), anchorHoriz='center', anchorVert='center', antialias=True, autoLog=True, bold=False, color='white', colorSpace='named', contrast=1.0, depth=0.0, flipHoriz=False, flipVert=False, font='Arial', fontFiles=[], height=0.04, italic=False, languageStyle='LTR', name='text_3', opacity=1.0, ori=0, pos=array([0. , 0.2]), rgb=array([255., 255., 255.]), text='Listen to the tones', units='height', win=Window(...), wrapWidth=1)
6.2487 	EXP 	Created image_2 = ImageStim(__class__=<class 'psychopy.visual.image.ImageStim'>, autoLog=True, color=array([1., 1., 1.]), colorSpace='rgb', contrast=1.0, depth=-1.0, flipHoriz=False, flipVert=False, image='Images/Listen.png', interpolate=True, mask=None, maskParams=None, name='image_2', opacity=1.0, ori=0.0, pos=array([ 0. , -0.2]), size=array([0.15, 0.15]), texRes=128, units='height', win=Window(...))
7.4376 	EXP 	Set  sound=C
7.4721 	EXP 	Set sound_2 sound=A
7.4721 	EXP 	Sound sound_2 set volume 1.000
7.4762 	EXP 	Created fiCross2 = ShapeStim(__class__=<class 'psychopy.visual.shape.ShapeStim'>, autoDraw=False, autoLog=True, closeShape=True, contrast=1.0, depth=0.0, fillColor=array([1., 1., 1.]), fillColorSpace='rgb', interpolate=True, lineColor=array([1., 1., 1.]), lineColorSpace='rgb', lineWidth=1, name='fiCross2', opacity=1.0, ori=array(0.), pos=array([0., 0.]), size=array([0.1, 0.1]), units='height', vertices=ndarray(...), win=Window(...), windingRule=None)
7.4998 	EXP 	Set sound_1 sound=A
7.4998 	EXP 	Sound sound_1 set volume 1.000
7.5325 	EXP 	Created textDecision = TextStim(__class__=<class 'psychopy.visual.text.TextStim'>, alignHoriz=method-wrapper(...), alignText='center', alignVert=method-wrapper(...), anchorHoriz='center', anchorVert='center', antialias=True, autoLog=True, bold=False, color='white', colorSpace='named', contrast=1.0, depth=-2.0, flipHoriz=False, flipVert=False, font='Arial', fontFiles=[], height=0.05, italic=False, languageStyle='LTR', name='textDecision', opacity=1.0, ori=0, pos=array([0. , 0.3]), rgb=array([255., 255., 255.]), text=str(...), units='height', win=Window(...), wrapWidth=1)
7.9558 	EXP 	Created image = ImageStim(__class__=<class 'psychopy.visual.image.ImageStim'>, autoLog=True, color=array([1., 1., 1.]), colorSpace='rgb', contrast=1.0, depth=-3.0, flipHoriz=False, flipVert=False, image='Images/listenResponse.png', interpolate=True, mask=None, maskParams=None, name='image', opacity=1.0, ori=0.0, pos=array([ 0. , -0.2]), size=array([0.39609375, 0.16111111]), texRes=128, units='height', win=Window(...))
7.9622 	EXP 	Created text_Less = TextStim(__class__=<class 'psychopy.visual.text.TextStim'>, alignHoriz=method-wrapper(...), alignText='center', alignVert=method-wrapper(...), anchorHoriz='center', anchorVert='center', antialias=True, autoLog=True, bold=False, color='white', colorSpace='named', contrast=1.0, depth=-6.0, flipHoriz=False, flipVert=False, font='Arial', fontFiles=[], height=0.1, italic=False, languageStyle='LTR', name='text_Less', opacity=1.0, ori=0, pos=array([-0.2,  0. ]), rgb=array([255., 255., 255.]), text='Less', units='height', win=Window(...), wrapWidth=1)
7.9670 	EXP 	Created text_More = TextStim(__class__=<class 'psychopy.visual.text.TextStim'>, alignHoriz=method-wrapper(...), alignText='center', alignVert=method-wrapper(...), anchorHoriz='center', anchorVert='center', antialias=True, autoLog=True, bold=False, color='white', colorSpace='named', contrast=1.0, depth=-7.0, flipHoriz=False, flipVert=False, font='Arial', fontFiles=[], height=0.1, italic=False, languageStyle='LTR', name='text_More', opacity=1.0, ori=0, pos=array([0.2, 0. ]), rgb=array([255., 255., 255.]), text='More', units='height', win=Window(...), wrapWidth=1)
8.0012 	EXP 	Created rating = RatingScale(__class__=type(...), acceptKeys=['return'], acceptPreText=UNKNOWN, acceptSize=UNKNOWN, acceptText='accept?', autoLog=True, choices=False, depth=0, disappear=True, flipVert=False, high=1, kwargs=UNKNOWN, labels=list(...), leftKeys=['left'], lineColor='White', low=0, marker=ShapeStim(...), markerColor='DarkBlue', markerExpansion=UNKNOWN, markerStart=None, maxTime=0.0, minTime=0.4, mouseOnly=False, name='rating', noMouse=False, pos=[0.0, -0.4], precision=100, respKeys=['0', '1'], rightKeys=['right'], scale='<default>', self=UNKNOWN, showAccept=True, showValue=False, singleClick=True, size=0.6, skipKeys=['tab'], stretch=1.0, textColor='LightGray', textFont='Helvetica Bold', textSize=0.12, tickHeight=1.0, tickMarks=1.0, win=Window(...))
8.0075 	EXP 	Created text_4 = TextStim(__class__=<class 'psychopy.visual.text.TextStim'>, alignHoriz=method-wrapper(...), alignText='center', alignVert=method-wrapper(...), anchorHoriz='center', anchorVert='center', antialias=True, autoLog=True, bold=False, color='red', colorSpace='named', contrast=1.0, depth=0.0, flipHoriz=False, flipVert=False, font='Arial', fontFiles=[], height=0.1, italic=False, languageStyle='LTR', name='text_4', opacity=1.0, ori=0, pos=array([0., 0.]), rgb=array([255.,   0.,   0.]), text='Too late', units='height', win=Window(...), wrapWidth=1)
8.0286 	EXP 	Created text = TextStim(__class__=<class 'psychopy.visual.text.TextStim'>, alignHoriz=method-wrapper(...), alignText='center', alignVert=method-wrapper(...), anchorHoriz='center', anchorVert='center', antialias=True, autoLog=True, bold=False, color='white', colorSpace='named', contrast=1.0, depth=0.0, flipHoriz=False, flipVert=False, font='Arial', fontFiles=[], height=0.1, italic=False, languageStyle='LTR', name='text', opacity=1.0, ori=0, pos=array([0., 0.]), rgb=array([255., 255., 255.]), text=str(...), units='height', win=Window(...), wrapWidth=1)
8.0350 	EXP 	rating: flipVert = False
8.0350 	EXP 	rating: autoLog = True
8.0350 	EXP 	text_2: autoDraw = True
10.4886 	DATA 	Keypress: 5
10.4992 	EXP 	Imported Conditions.xlsx as conditions, 2 conditions, 1 params
10.4994 	EXP 	Created sequence: random, trialTypes=2, nReps=1, seed=None
10.4996 	EXP 	New trial (rep=0, index=0): OrderedDict([('condition', 'Extero')])
10.5053 	EXP 	text_2: autoDraw = False
10.5053 	EXP 	fiCross1: autoDraw = True
11.4052 	EXP 	Created sequence: random, trialTypes=1, nReps=0, seed=None
11.4054 	EXP 	Created sequence: random, trialTypes=1, nReps=1, seed=None
11.4055 	EXP 	New trial (rep=0, index=0): None
11.4281 	EXP 	Set sound_2 sound=C:\Users\au646069\github\Cardioception\cardioception\HeartRateDiscrimination\fMRI\sounds\86.wav
11.4288 	EXP 	Sound sound_2 started
11.4591 	EXP 	fiCross1: autoDraw = False
11.4591 	EXP 	fiCross1: autoDraw = False
11.4591 	EXP 	text_3: autoDraw = True
11.4591 	EXP 	image_2: autoDraw = True
16.4091 	EXP 	Sound sound_2 stopped
16.4253 	EXP 	text_3: autoDraw = False
16.4253 	EXP 	image_2: autoDraw = False
16.4253 	EXP 	fiCross2: autoDraw = True
17.4203 	EXP 	Set sound_1 sound=C:\Users\au646069\github\Cardioception\cardioception\HeartRateDiscrimination\fMRI\sounds\86.wav
17.4209 	EXP 	Sound sound_1 started
17.4443 	EXP 	fiCross2: autoDraw = False
17.4443 	EXP 	fiCross2: autoDraw = False
17.4443 	EXP 	textDecision: autoDraw = True
17.4443 	EXP 	image: autoDraw = True
17.4443 	EXP 	text_Less: autoDraw = True
17.4443 	EXP 	text_More: autoDraw = True
20.1830 	DATA 	Mouse: Left button down, pos=(816,528)
20.2454 	DATA 	Mouse:  Left button up, pos=(816,528)
22.4139 	EXP 	Sound sound_1 stopped
22.4387 	EXP 	Created sequence: random, trialTypes=1, nReps=1, seed=None
22.4388 	EXP 	New trial (rep=0, index=0): None
22.4395 	EXP 	RatingScale rating: reset()
22.4476 	EXP 	textDecision: autoDraw = False
22.4476 	EXP 	image: autoDraw = False
22.4476 	EXP 	text_Less: autoDraw = False
22.4476 	EXP 	text_More: autoDraw = False
22.4476 	EXP 	rating: autoDraw = True
23.8663 	DATA 	Mouse: Left button down, pos=(1192,333)
23.8674 	DATA 	RatingScale rating: (mouse single-click) rating=0.9
23.8674 	DATA 	RatingScale rating: rating RT=1.428
23.8674 	DATA 	RatingScale rating: history=[(None, 0.0), (0.9, 1.428)]
23.8826 	EXP 	Created sequence: random, trialTypes=1, nReps=0, seed=None
23.8828 	EXP 	New trial (rep=0, index=1): OrderedDict([('condition', 'Intero')])
23.8981 	EXP 	rating: autoDraw = False
23.8981 	EXP 	fiCross1: autoDraw = True
23.9326 	DATA 	Mouse:  Left button up, pos=(1192,333)
25.3830 	EXP 	Created sequence: random, trialTypes=1, nReps=5, seed=None
25.3832 	EXP 	New trial (rep=0, index=0): None
25.4994 	EXP 	fiCross1: autoDraw = False
25.4994 	EXP 	fiCross1: autoDraw = False
25.4994 	EXP 	Listen: autoDraw = True
25.4994 	EXP 	textListen: autoDraw = True
30.4444 	EXP 	window1: mouseVisible = True
