0.6671 	WARNING 	We strongly recommend you activate the PTB sound engine in PsychoPy prefs as the preferred audio engine. Its timing is vastly superior. Your prefs are currently set to use ['pyo', 'pygame'] (in that order).
2.1607 	WARNING 	Import Error: No module named 'psychtoolbox'. Using event module for keyboard component.
4.1727 	WARNING 	User requested fullscreen with size [1280  720], but screen is actually [1440, 2560]. Using actual size
5.9467 	EXP 	Created window1 = Window(allowGUI=True, allowStencil=False, args=UNKNOWN, autoLog=True, bitsMode=UNKNOWN, blendMode='avg', bpc=(8, 8, 8), color=array([0., 0., 0.]), colorSpace='rgb', depthBits=8, fullscr=<method-wrapper '__getattribute__' of attributeSetter object at 0x000002299A5DB588>, gamma=None, gammaErrorPolicy='raise', kwargs=UNKNOWN, lms=UNKNOWN, monitor=<psychopy.monitors.calibTools.Monitor object at 0x000002299A639888>, multiSample=False, name='window1', numSamples=2, pos=[0.0, 0.0], screen=1, size=array([1440, 2560]), stencilBits=0, stereo=False, units='height', useFBO=True, useRetina=False, viewOri=0.0, viewPos=None, viewScale=None, waitBlanking=True, winType='pyglet')
5.9468 	EXP 	window1: recordFrameIntervals = False
6.1143 	EXP 	window1: recordFrameIntervals = True
6.2978 	EXP 	window1: recordFrameIntervals = False
6.4332 	EXP 	Created text_2 = TextStim(__class__=<class 'psychopy.visual.text.TextStim'>, alignHoriz=method-wrapper(...), alignText='center', alignVert=method-wrapper(...), anchorHoriz='center', anchorVert='center', antialias=True, autoLog=True, bold=False, color='white', colorSpace='named', contrast=1.0, depth=-1.0, flipHoriz=False, flipVert=False, font='Arial', fontFiles=[], height=0.1, italic=False, languageStyle='LTR', name='text_2', opacity=1.0, ori=0, pos=array([0., 0.]), rgb=array([255., 255., 255.]), text='Waiting for trigger', units='height', win=Window(...), wrapWidth=1)
6.4345 	EXP 	Created fiCross1 = ShapeStim(__class__=<class 'psychopy.visual.shape.ShapeStim'>, autoDraw=False, autoLog=True, closeShape=True, contrast=1.0, depth=0.0, fillColor=array([1., 1., 1.]), fillColorSpace='rgb', interpolate=True, lineColor=array([1., 1., 1.]), lineColorSpace='rgb', lineWidth=1, name='fiCross1', opacity=1.0, ori=array(0.), pos=array([0., 0.]), size=array([0.1, 0.1]), units='height', vertices=ndarray(...), win=Window(...), windingRule=None)
7.1015 	EXP 	Created Listen = ImageStim(__class__=<class 'psychopy.visual.image.ImageStim'>, autoLog=True, color=array([1., 1., 1.]), colorSpace='rgb', contrast=1.0, depth=0.0, flipHoriz=False, flipVert=False, image='Images/heartbeat.png', interpolate=True, mask=None, maskParams=None, name='Listen', opacity=1.0, ori=0.0, pos=array([ 0. , -0.2]), size=array([0.18480903, 0.15169271]), texRes=128, units='height', win=Window(...))
7.1181 	EXP 	Created textListen = TextStim(__class__=<class 'psychopy.visual.text.TextStim'>, alignHoriz=method-wrapper(...), alignText='center', alignVert=method-wrapper(...), anchorHoriz='center', anchorVert='center', antialias=True, autoLog=True, bold=False, color='white', colorSpace='named', contrast=1.0, depth=-1.0, flipHoriz=False, flipVert=False, font='Arial', fontFiles=[], height=0.04, italic=False, languageStyle='LTR', name='textListen', opacity=1.0, ori=0, pos=array([0. , 0.2]), rgb=array([255., 255., 255.]), text='Listen to your Heart', units='height', win=Window(...), wrapWidth=1)
7.1221 	EXP 	Created text_3 = TextStim(__class__=<class 'psychopy.visual.text.TextStim'>, alignHoriz=method-wrapper(...), alignText='center', alignVert=method-wrapper(...), anchorHoriz='center', anchorVert='center', antialias=True, autoLog=True, bold=False, color='white', colorSpace='named', contrast=1.0, depth=0.0, flipHoriz=False, flipVert=False, font='Arial', fontFiles=[], height=0.04, italic=False, languageStyle='LTR', name='text_3', opacity=1.0, ori=0, pos=array([0. , 0.2]), rgb=array([255., 255., 255.]), text='Listen to the tones', units='height', win=Window(...), wrapWidth=1)
7.1962 	EXP 	Created image_2 = ImageStim(__class__=<class 'psychopy.visual.image.ImageStim'>, autoLog=True, color=array([1., 1., 1.]), colorSpace='rgb', contrast=1.0, depth=-1.0, flipHoriz=False, flipVert=False, image='Images/Listen.png', interpolate=True, mask=None, maskParams=None, name='image_2', opacity=1.0, ori=0.0, pos=array([ 0. , -0.2]), size=array([0.15, 0.15]), texRes=128, units='height', win=Window(...))
8.3561 	EXP 	Set  sound=C
8.3895 	EXP 	Set sound_2 sound=A
8.3895 	EXP 	Sound sound_2 set volume 1.000
8.3909 	EXP 	Created fiCross2 = ShapeStim(__class__=<class 'psychopy.visual.shape.ShapeStim'>, autoDraw=False, autoLog=True, closeShape=True, contrast=1.0, depth=0.0, fillColor=array([1., 1., 1.]), fillColorSpace='rgb', interpolate=True, lineColor=array([1., 1., 1.]), lineColorSpace='rgb', lineWidth=1, name='fiCross2', opacity=1.0, ori=array(0.), pos=array([0., 0.]), size=array([0.1, 0.1]), units='height', vertices=ndarray(...), win=Window(...), windingRule=None)
8.4148 	EXP 	Set sound_1 sound=A
8.4149 	EXP 	Sound sound_1 set volume 1.000
8.4495 	EXP 	Created textDecision = TextStim(__class__=<class 'psychopy.visual.text.TextStim'>, alignHoriz=method-wrapper(...), alignText='center', alignVert=method-wrapper(...), anchorHoriz='center', anchorVert='center', antialias=True, autoLog=True, bold=False, color='white', colorSpace='named', contrast=1.0, depth=-2.0, flipHoriz=False, flipVert=False, font='Arial', fontFiles=[], height=0.05, italic=False, languageStyle='LTR', name='textDecision', opacity=1.0, ori=0, pos=array([0. , 0.2]), rgb=array([255., 255., 255.]), text=str(...), units='height', win=Window(...), wrapWidth=1)
8.6504 	EXP 	Created image = ImageStim(__class__=<class 'psychopy.visual.image.ImageStim'>, autoLog=True, color=array([1., 1., 1.]), colorSpace='rgb', contrast=1.0, depth=-3.0, flipHoriz=False, flipVert=False, image='Images/listenResponse.png', interpolate=True, mask=None, maskParams=None, name='image', opacity=1.0, ori=0.0, pos=array([ 0. , -0.2]), size=array([0.39609375, 0.16111111]), texRes=128, units='height', win=Window(...))
8.6725 	EXP 	Created text_Less = TextStim(__class__=<class 'psychopy.visual.text.TextStim'>, alignHoriz=method-wrapper(...), alignText='center', alignVert=method-wrapper(...), anchorHoriz='center', anchorVert='center', antialias=True, autoLog=True, bold=False, color='white', colorSpace='named', contrast=1.0, depth=-6.0, flipHoriz=False, flipVert=False, font='Arial', fontFiles=[], height=0.1, italic=False, languageStyle='LTR', name='text_Less', opacity=1.0, ori=0, pos=array([-0.2,  0. ]), rgb=array([255., 255., 255.]), text='Less', units='height', win=Window(...), wrapWidth=1)
8.6797 	EXP 	Created text_More = TextStim(__class__=<class 'psychopy.visual.text.TextStim'>, alignHoriz=method-wrapper(...), alignText='center', alignVert=method-wrapper(...), anchorHoriz='center', anchorVert='center', antialias=True, autoLog=True, bold=False, color='white', colorSpace='named', contrast=1.0, depth=-7.0, flipHoriz=False, flipVert=False, font='Arial', fontFiles=[], height=0.1, italic=False, languageStyle='LTR', name='text_More', opacity=1.0, ori=0, pos=array([0.2, 0. ]), rgb=array([255., 255., 255.]), text='More', units='height', win=Window(...), wrapWidth=1)
8.7219 	EXP 	Created rating = RatingScale(__class__=type(...), acceptKeys=['return'], acceptPreText=UNKNOWN, acceptSize=UNKNOWN, acceptText='accept?', autoLog=True, choices=False, depth=0, disappear=True, flipVert=False, high=1, kwargs=UNKNOWN, labels=list(...), leftKeys=['left'], lineColor='White', low=0, marker=ShapeStim(...), markerColor='DarkBlue', markerExpansion=UNKNOWN, markerStart=None, maxTime=0.0, minTime=0.4, mouseOnly=False, name='rating', noMouse=False, pos=[0.0, -0.4], precision=100, respKeys=['0', '1'], rightKeys=['right'], scale='<default>', self=UNKNOWN, showAccept=True, showValue=False, singleClick=True, size=0.6, skipKeys=['tab'], stretch=1.0, textColor='LightGray', textFont='Helvetica Bold', textSize=0.12, tickHeight=1.0, tickMarks=1.0, win=Window(...))
8.7670 	EXP 	Created text = TextStim(__class__=<class 'psychopy.visual.text.TextStim'>, alignHoriz=method-wrapper(...), alignText='center', alignVert=method-wrapper(...), anchorHoriz='center', anchorVert='center', antialias=True, autoLog=True, bold=False, color='white', colorSpace='named', contrast=1.0, depth=0.0, flipHoriz=False, flipVert=False, font='Arial', fontFiles=[], height=0.1, italic=False, languageStyle='LTR', name='text', opacity=1.0, ori=0, pos=array([0., 0.]), rgb=array([255., 255., 255.]), text=str(...), units='height', win=Window(...), wrapWidth=1)
8.7748 	EXP 	rating: flipVert = False
8.7748 	EXP 	rating: autoLog = True
8.7748 	EXP 	text_2: autoDraw = True
10.5010 	DATA 	Keypress: 5
10.5176 	EXP 	Imported Conditions.xlsx as conditions, 2 conditions, 1 params
10.5178 	EXP 	Created sequence: random, trialTypes=2, nReps=1, seed=None
10.5180 	EXP 	New trial (rep=0, index=0): OrderedDict([('condition', 'Intero')])
10.5252 	EXP 	text_2: autoDraw = False
10.5252 	EXP 	fiCross1: autoDraw = True
11.5201 	EXP 	Created sequence: random, trialTypes=1, nReps=1, seed=None
11.5202 	EXP 	New trial (rep=0, index=0): None
12.1252 	EXP 	fiCross1: autoDraw = False
12.1252 	EXP 	fiCross1: autoDraw = False
12.1252 	EXP 	Listen: autoDraw = True
12.1252 	EXP 	textListen: autoDraw = True
16.5234 	EXP 	Created sequence: random, trialTypes=1, nReps=0, seed=None
16.5387 	EXP 	Listen: autoDraw = False
16.5387 	EXP 	textListen: autoDraw = False
16.5387 	EXP 	fiCross2: autoDraw = True
17.9376 	EXP 	Set sound_1 sound=C:\Users\au646069\github\Cardioception\cardioception\HeartRateDiscrimination\fMRI\sounds\72.wav
17.9386 	EXP 	Sound sound_1 started
17.9590 	EXP 	fiCross2: autoDraw = False
17.9590 	EXP 	fiCross2: autoDraw = False
17.9590 	EXP 	textDecision: autoDraw = True
17.9590 	EXP 	image: autoDraw = True
17.9590 	EXP 	text_Less: autoDraw = True
17.9590 	EXP 	text_More: autoDraw = True
19.1091 	DATA 	Mouse: Right button down, pos=(660,1397)
19.1914 	DATA 	Mouse:  Right button up, pos=(660,1397)
22.9287 	EXP 	Sound sound_1 stopped
22.9511 	EXP 	RatingScale rating: reset()
22.9633 	EXP 	textDecision: autoDraw = False
22.9633 	EXP 	image: autoDraw = False
22.9633 	EXP 	text_Less: autoDraw = False
22.9633 	EXP 	text_More: autoDraw = False
22.9633 	EXP 	rating: autoDraw = True
24.6128 	DATA 	Mouse: Left button down, pos=(925,775)
24.6143 	DATA 	RatingScale rating: (mouse single-click) rating=0.97
24.6143 	DATA 	RatingScale rating: rating RT=1.663
24.6143 	DATA 	RatingScale rating: history=[(None, 0.0), (0.97, 1.663)]
24.6299 	EXP 	New trial (rep=0, index=1): OrderedDict([('condition', 'Extero')])
24.6460 	EXP 	rating: autoDraw = False
24.6460 	EXP 	fiCross1: autoDraw = True
24.7122 	DATA 	Mouse:  Left button up, pos=(926,775)
26.1311 	EXP 	Created sequence: random, trialTypes=1, nReps=0, seed=None
26.1313 	EXP 	Created sequence: random, trialTypes=1, nReps=1, seed=None
26.1315 	EXP 	New trial (rep=0, index=0): None
26.1542 	EXP 	Set sound_2 sound=C:\Users\au646069\github\Cardioception\cardioception\HeartRateDiscrimination\fMRI\sounds\84.wav
26.1549 	EXP 	Sound sound_2 started
26.1658 	EXP 	fiCross1: autoDraw = False
26.1658 	EXP 	fiCross1: autoDraw = False
26.1658 	EXP 	text_3: autoDraw = True
26.1658 	EXP 	image_2: autoDraw = True
31.1350 	EXP 	Sound sound_2 stopped
31.1512 	EXP 	text_3: autoDraw = False
31.1512 	EXP 	image_2: autoDraw = False
31.1512 	EXP 	fiCross2: autoDraw = True
32.2394 	EXP 	Set sound_1 sound=C:\Users\au646069\github\Cardioception\cardioception\HeartRateDiscrimination\fMRI\sounds\84.wav
32.2401 	EXP 	Sound sound_1 started
32.2544 	EXP 	fiCross2: autoDraw = False
32.2544 	EXP 	fiCross2: autoDraw = False
32.2544 	EXP 	textDecision: autoDraw = True
32.2544 	EXP 	image: autoDraw = True
32.2544 	EXP 	text_Less: autoDraw = True
32.2544 	EXP 	text_More: autoDraw = True
33.3373 	DATA 	Mouse: Left button down, pos=(380,1264)
33.4199 	DATA 	Mouse:  Left button up, pos=(380,1264)
37.2400 	EXP 	Sound sound_1 stopped
37.2628 	EXP 	RatingScale rating: reset()
37.2708 	EXP 	textDecision: autoDraw = False
37.2708 	EXP 	image: autoDraw = False
37.2708 	EXP 	text_Less: autoDraw = False
37.2708 	EXP 	text_More: autoDraw = False
37.2708 	EXP 	rating: autoDraw = True
38.7090 	DATA 	Mouse: Left button down, pos=(932,807)
38.7104 	DATA 	RatingScale rating: (mouse single-click) rating=0.99
38.7104 	DATA 	RatingScale rating: rating RT=1.447
38.7104 	DATA 	RatingScale rating: history=[(None, 0.0), (0.99, 1.447)]
38.7404 	EXP 	rating: autoDraw = False
38.7404 	EXP 	text: autoDraw = True
38.7924 	DATA 	Mouse:  Left button up, pos=(932,807)
39.7413 	EXP 	text: autoDraw = False
39.7413 	EXP 	text: autoDraw = False
39.7853 	EXP 	window1: mouseVisible = True
