0.5831 	WARNING 	We strongly recommend you activate the PTB sound engine in PsychoPy prefs as the preferred audio engine. Its timing is vastly superior. Your prefs are currently set to use ['pyo', 'pygame'] (in that order).
1.8454 	WARNING 	Import Error: No module named 'psychtoolbox'. Using event module for keyboard component.
3.9904 	WARNING 	User requested fullscreen with size [1440 2560], but screen is actually [1920, 1080]. Using actual size
5.6905 	EXP 	Created window1 = Window(allowGUI=True, allowStencil=False, args=UNKNOWN, autoLog=True, bitsMode=UNKNOWN, blendMode='avg', bpc=(8, 8, 8), color=array([0., 0., 0.]), colorSpace='rgb', depthBits=8, fullscr=<method-wrapper '__getattribute__' of attributeSetter object at 0x000001E21C03AFC8>, gamma=None, gammaErrorPolicy='raise', kwargs=UNKNOWN, lms=UNKNOWN, monitor=<psychopy.monitors.calibTools.Monitor object at 0x000001E21C0B9448>, multiSample=False, name='window1', numSamples=2, pos=[0.0, 0.0], screen=0, size=array([1920, 1080]), stencilBits=0, stereo=False, units='height', useFBO=True, useRetina=False, viewOri=0.0, viewPos=None, viewScale=None, waitBlanking=True, winType='pyglet')
5.6905 	EXP 	window1: recordFrameIntervals = False
5.8564 	EXP 	window1: recordFrameIntervals = True
6.0399 	EXP 	window1: recordFrameIntervals = False
6.1056 	EXP 	Created text_2 = TextStim(__class__=<class 'psychopy.visual.text.TextStim'>, alignHoriz=method-wrapper(...), alignText='center', alignVert=method-wrapper(...), anchorHoriz='center', anchorVert='center', antialias=True, autoLog=True, bold=False, color='white', colorSpace='named', contrast=1.0, depth=-1.0, flipHoriz=False, flipVert=False, font='Arial', fontFiles=[], height=0.1, italic=False, languageStyle='LTR', name='text_2', opacity=1.0, ori=0, pos=array([0., 0.]), rgb=array([255., 255., 255.]), text='Waiting for trigger', units='height', win=Window(...), wrapWidth=1)
6.1068 	EXP 	Created fiCross1 = ShapeStim(__class__=<class 'psychopy.visual.shape.ShapeStim'>, autoDraw=False, autoLog=True, closeShape=True, contrast=1.0, depth=0.0, fillColor=array([1., 1., 1.]), fillColorSpace='rgb', interpolate=True, lineColor=array([1., 1., 1.]), lineColorSpace='rgb', lineWidth=1, name='fiCross1', opacity=1.0, ori=array(0.), pos=array([0., 0.]), size=array([0.1, 0.1]), units='height', vertices=ndarray(...), win=Window(...), windingRule=None)
6.7564 	EXP 	Created Listen = ImageStim(__class__=<class 'psychopy.visual.image.ImageStim'>, autoLog=True, color=array([1., 1., 1.]), colorSpace='rgb', contrast=1.0, depth=0.0, flipHoriz=False, flipVert=False, image='Images/heartbeat.png', interpolate=True, mask=None, maskParams=None, name='Listen', opacity=1.0, ori=0.0, pos=array([ 0. , -0.2]), size=array([0.18480903, 0.15169271]), texRes=128, units='height', win=Window(...))
6.7707 	EXP 	Created textListen = TextStim(__class__=<class 'psychopy.visual.text.TextStim'>, alignHoriz=method-wrapper(...), alignText='center', alignVert=method-wrapper(...), anchorHoriz='center', anchorVert='center', antialias=True, autoLog=True, bold=False, color='white', colorSpace='named', contrast=1.0, depth=-1.0, flipHoriz=False, flipVert=False, font='Arial', fontFiles=[], height=0.04, italic=False, languageStyle='LTR', name='textListen', opacity=1.0, ori=0, pos=array([0. , 0.2]), rgb=array([255., 255., 255.]), text='Listen to your Heart', units='height', win=Window(...), wrapWidth=1)
6.7812 	EXP 	Created text_7 = TextStim(__class__=<class 'psychopy.visual.text.TextStim'>, alignHoriz=method-wrapper(...), alignText='center', alignVert=method-wrapper(...), anchorHoriz='center', anchorVert='center', antialias=True, autoLog=True, bold=False, color='red', colorSpace='named', contrast=1.0, depth=0.0, flipHoriz=False, flipVert=False, font='Arial', fontFiles=[], height=0.1, italic=False, languageStyle='LTR', name='text_7', opacity=1.0, ori=0, pos=array([0., 0.]), rgb=array([255.,   0.,   0.]), text='Please stay still during the recording', units='height', win=Window(...), wrapWidth=1)
6.7838 	EXP 	Created text_3 = TextStim(__class__=<class 'psychopy.visual.text.TextStim'>, alignHoriz=method-wrapper(...), alignText='center', alignVert=method-wrapper(...), anchorHoriz='center', anchorVert='center', antialias=True, autoLog=True, bold=False, color='white', colorSpace='named', contrast=1.0, depth=0.0, flipHoriz=False, flipVert=False, font='Arial', fontFiles=[], height=0.04, italic=False, languageStyle='LTR', name='text_3', opacity=1.0, ori=0, pos=array([0. , 0.2]), rgb=array([255., 255., 255.]), text='Listen to the tones', units='height', win=Window(...), wrapWidth=1)
6.8585 	EXP 	Created image_2 = ImageStim(__class__=<class 'psychopy.visual.image.ImageStim'>, autoLog=True, color=array([1., 1., 1.]), colorSpace='rgb', contrast=1.0, depth=-1.0, flipHoriz=False, flipVert=False, image='Images/Listen.png', interpolate=True, mask=None, maskParams=None, name='image_2', opacity=1.0, ori=0.0, pos=array([ 0. , -0.2]), size=array([0.15, 0.15]), texRes=128, units='height', win=Window(...))
8.0454 	EXP 	Set  sound=C
8.0782 	EXP 	Set sound_2 sound=A
8.0782 	EXP 	Sound sound_2 set volume 1.000
8.0819 	EXP 	Created fiCross2 = ShapeStim(__class__=<class 'psychopy.visual.shape.ShapeStim'>, autoDraw=False, autoLog=True, closeShape=True, contrast=1.0, depth=0.0, fillColor=array([1., 1., 1.]), fillColorSpace='rgb', interpolate=True, lineColor=array([1., 1., 1.]), lineColorSpace='rgb', lineWidth=1, name='fiCross2', opacity=1.0, ori=array(0.), pos=array([0., 0.]), size=array([0.1, 0.1]), units='height', vertices=ndarray(...), win=Window(...), windingRule=None)
8.1040 	EXP 	Set sound_1 sound=A
8.1040 	EXP 	Sound sound_1 set volume 1.000
8.1376 	EXP 	Created textDecision = TextStim(__class__=<class 'psychopy.visual.text.TextStim'>, alignHoriz=method-wrapper(...), alignText='center', alignVert=method-wrapper(...), anchorHoriz='center', anchorVert='center', antialias=True, autoLog=True, bold=False, color='white', colorSpace='named', contrast=1.0, depth=-2.0, flipHoriz=False, flipVert=False, font='Arial', fontFiles=[], height=0.05, italic=False, languageStyle='LTR', name='textDecision', opacity=1.0, ori=0, pos=array([0. , 0.3]), rgb=array([255., 255., 255.]), text=str(...), units='height', win=Window(...), wrapWidth=1)
8.4789 	EXP 	Created image = ImageStim(__class__=<class 'psychopy.visual.image.ImageStim'>, autoLog=True, color=array([1., 1., 1.]), colorSpace='rgb', contrast=1.0, depth=-3.0, flipHoriz=False, flipVert=False, image='Images/listenResponse.png', interpolate=True, mask=None, maskParams=None, name='image', opacity=1.0, ori=0.0, pos=array([ 0. , -0.2]), size=array([0.39609375, 0.16111111]), texRes=128, units='height', win=Window(...))
8.4851 	EXP 	Created text_Less = TextStim(__class__=<class 'psychopy.visual.text.TextStim'>, alignHoriz=method-wrapper(...), alignText='center', alignVert=method-wrapper(...), anchorHoriz='center', anchorVert='center', antialias=True, autoLog=True, bold=False, color='white', colorSpace='named', contrast=1.0, depth=-6.0, flipHoriz=False, flipVert=False, font='Arial', fontFiles=[], height=0.1, italic=False, languageStyle='LTR', name='text_Less', opacity=1.0, ori=0, pos=array([-0.2,  0. ]), rgb=array([255., 255., 255.]), text='Less', units='height', win=Window(...), wrapWidth=1)
8.4891 	EXP 	Created text_More = TextStim(__class__=<class 'psychopy.visual.text.TextStim'>, alignHoriz=method-wrapper(...), alignText='center', alignVert=method-wrapper(...), anchorHoriz='center', anchorVert='center', antialias=True, autoLog=True, bold=False, color='white', colorSpace='named', contrast=1.0, depth=-7.0, flipHoriz=False, flipVert=False, font='Arial', fontFiles=[], height=0.1, italic=False, languageStyle='LTR', name='text_More', opacity=1.0, ori=0, pos=array([0.2, 0. ]), rgb=array([255., 255., 255.]), text='More', units='height', win=Window(...), wrapWidth=1)
8.5245 	EXP 	Created rating = RatingScale(__class__=type(...), acceptKeys=['return'], acceptPreText=UNKNOWN, acceptSize=UNKNOWN, acceptText='accept?', autoLog=True, choices=False, depth=0, disappear=True, flipVert=False, high=1, kwargs=UNKNOWN, labels=list(...), leftKeys=['left'], lineColor='White', low=0, marker=ShapeStim(...), markerColor='DarkBlue', markerExpansion=UNKNOWN, markerStart=None, maxTime=0.0, minTime=0.4, mouseOnly=False, name='rating', noMouse=False, pos=[0.0, -0.4], precision=100, respKeys=['0', '1'], rightKeys=['right'], scale='<default>', self=UNKNOWN, showAccept=True, showValue=False, singleClick=True, size=0.6, skipKeys=['tab'], stretch=1.0, textColor='LightGray', textFont='Helvetica Bold', textSize=0.12, tickHeight=1.0, tickMarks=1.0, win=Window(...))
8.5394 	EXP 	Created text_4 = TextStim(__class__=<class 'psychopy.visual.text.TextStim'>, alignHoriz=method-wrapper(...), alignText='center', alignVert=method-wrapper(...), anchorHoriz='center', anchorVert='center', antialias=True, autoLog=True, bold=False, color='red', colorSpace='named', contrast=1.0, depth=0.0, flipHoriz=False, flipVert=False, font='Arial', fontFiles=[], height=0.1, italic=False, languageStyle='LTR', name='text_4', opacity=1.0, ori=0, pos=array([0., 0.]), rgb=array([255.,   0.,   0.]), text='Too late', units='height', win=Window(...), wrapWidth=1)
8.5605 	EXP 	Created text = TextStim(__class__=<class 'psychopy.visual.text.TextStim'>, alignHoriz=method-wrapper(...), alignText='center', alignVert=method-wrapper(...), anchorHoriz='center', anchorVert='center', antialias=True, autoLog=True, bold=False, color='white', colorSpace='named', contrast=1.0, depth=0.0, flipHoriz=False, flipVert=False, font='Arial', fontFiles=[], height=0.1, italic=False, languageStyle='LTR', name='text', opacity=1.0, ori=0, pos=array([0., 0.]), rgb=array([255., 255., 255.]), text=str(...), units='height', win=Window(...), wrapWidth=1)
8.5662 	EXP 	rating: flipVert = False
8.5662 	EXP 	rating: autoLog = True
8.5662 	EXP 	text_2: autoDraw = True
10.3609 	DATA 	Keypress: 5
10.3697 	EXP 	Imported Conditions.xlsx as conditions, 2 conditions, 1 params
10.3700 	EXP 	Created sequence: random, trialTypes=2, nReps=1, seed=None
10.3702 	EXP 	New trial (rep=0, index=0): OrderedDict([('condition', 'Extero')])
10.3771 	EXP 	text_2: autoDraw = False
10.3771 	EXP 	fiCross1: autoDraw = True
11.0614 	EXP 	Created sequence: random, trialTypes=1, nReps=0, seed=None
11.0615 	EXP 	Created sequence: random, trialTypes=1, nReps=1, seed=None
11.0617 	EXP 	New trial (rep=0, index=0): None
11.1266 	EXP 	Set sound_2 sound=C:\Users\au646069\github\Cardioception\cardioception\HeartRateDiscrimination\fMRI\sounds\78.wav
11.1273 	EXP 	Sound sound_2 started
11.1596 	EXP 	fiCross1: autoDraw = False
11.1596 	EXP 	fiCross1: autoDraw = False
11.1596 	EXP 	text_3: autoDraw = True
11.1596 	EXP 	image_2: autoDraw = True
16.0653 	EXP 	Sound sound_2 stopped
16.0809 	EXP 	text_3: autoDraw = False
16.0809 	EXP 	image_2: autoDraw = False
16.0809 	EXP 	fiCross2: autoDraw = True
16.6758 	EXP 	Set sound_1 sound=C:\Users\au646069\github\Cardioception\cardioception\HeartRateDiscrimination\fMRI\sounds\78.wav
16.6764 	EXP 	Sound sound_1 started
16.9412 	EXP 	fiCross2: autoDraw = False
16.9412 	EXP 	fiCross2: autoDraw = False
16.9412 	EXP 	textDecision: autoDraw = True
16.9412 	EXP 	image: autoDraw = True
16.9412 	EXP 	text_Less: autoDraw = True
16.9412 	EXP 	text_More: autoDraw = True
19.4447 	DATA 	Mouse: Left button down, pos=(634,569)
19.5010 	DATA 	Mouse:  Left button up, pos=(634,569)
21.6697 	EXP 	Sound sound_1 stopped
21.6914 	EXP 	Created sequence: random, trialTypes=1, nReps=1, seed=None
21.6915 	EXP 	New trial (rep=0, index=0): None
21.6922 	EXP 	RatingScale rating: reset()
21.7002 	EXP 	textDecision: autoDraw = False
21.7002 	EXP 	image: autoDraw = False
21.7002 	EXP 	text_Less: autoDraw = False
21.7002 	EXP 	text_More: autoDraw = False
21.7002 	EXP 	rating: autoDraw = True
22.7710 	DATA 	Mouse: Left button down, pos=(1093,333)
22.7723 	DATA 	RatingScale rating: (mouse single-click) rating=0.73
22.7723 	DATA 	RatingScale rating: rating RT=1.080
22.7723 	DATA 	RatingScale rating: history=[(None, 0.0), (0.73, 1.08)]
22.7874 	EXP 	Created sequence: random, trialTypes=1, nReps=0, seed=None
22.7875 	EXP 	New trial (rep=0, index=1): OrderedDict([('condition', 'Intero')])
22.8034 	EXP 	rating: autoDraw = False
22.8034 	EXP 	fiCross1: autoDraw = True
22.8200 	DATA 	Mouse:  Left button up, pos=(1093,333)
23.0887 	EXP 	Created sequence: random, trialTypes=1, nReps=5, seed=None
23.0889 	EXP 	New trial (rep=0, index=0): None
23.1443 	EXP 	fiCross1: autoDraw = False
23.1443 	EXP 	fiCross1: autoDraw = False
23.1443 	EXP 	Listen: autoDraw = True
23.1443 	EXP 	textListen: autoDraw = True
28.0920 	EXP 	Created sequence: random, trialTypes=1, nReps=0, seed=None
28.0922 	EXP 	Created sequence: random, trialTypes=1, nReps=0, seed=None
28.1073 	EXP 	Listen: autoDraw = False
28.1073 	EXP 	textListen: autoDraw = False
28.1073 	EXP 	fiCross2: autoDraw = True
28.7965 	EXP 	Set sound_1 sound=C:\Users\au646069\github\Cardioception\cardioception\HeartRateDiscrimination\fMRI\sounds\76.wav
28.7971 	EXP 	Sound sound_1 started
28.8086 	EXP 	fiCross2: autoDraw = False
28.8086 	EXP 	fiCross2: autoDraw = False
28.8086 	EXP 	textDecision: autoDraw = True
28.8086 	EXP 	image: autoDraw = True
28.8086 	EXP 	text_Less: autoDraw = True
28.8086 	EXP 	text_More: autoDraw = True
29.8428 	DATA 	Mouse: Right button down, pos=(1107,510)
29.8929 	DATA 	Mouse:  Right button up, pos=(1107,510)
32.5786 	DATA 	Keypress: escape
32.8060 	EXP 	window1: mouseVisible = True
0.5877 	WARNING 	We strongly recommend you activate the PTB sound engine in PsychoPy prefs as the preferred audio engine. Its timing is vastly superior. Your prefs are currently set to use ['pyo', 'pygame'] (in that order).
1.8475 	WARNING 	Import Error: No module named 'psychtoolbox'. Using event module for keyboard component.
4.9669 	WARNING 	User requested fullscreen with size [1440 2560], but screen is actually [1920, 1080]. Using actual size
6.3005 	EXP 	Created window1 = Window(allowGUI=True, allowStencil=False, args=UNKNOWN, autoLog=True, bitsMode=UNKNOWN, blendMode='avg', bpc=(8, 8, 8), color=array([0., 0., 0.]), colorSpace='rgb', depthBits=8, fullscr=<method-wrapper '__getattribute__' of attributeSetter object at 0x000002240F17AF88>, gamma=None, gammaErrorPolicy='raise', kwargs=UNKNOWN, lms=UNKNOWN, monitor=<psychopy.monitors.calibTools.Monitor object at 0x000002240F1D9448>, multiSample=False, name='window1', numSamples=2, pos=[0.0, 0.0], screen=0, size=array([1920, 1080]), stencilBits=0, stereo=False, units='height', useFBO=True, useRetina=False, viewOri=0.0, viewPos=None, viewScale=None, waitBlanking=True, winType='pyglet')
6.3005 	EXP 	window1: recordFrameIntervals = False
6.4671 	EXP 	window1: recordFrameIntervals = True
6.6501 	EXP 	window1: recordFrameIntervals = False
6.7119 	EXP 	Created text_2 = TextStim(__class__=<class 'psychopy.visual.text.TextStim'>, alignHoriz=method-wrapper(...), alignText='center', alignVert=method-wrapper(...), anchorHoriz='center', anchorVert='center', antialias=True, autoLog=True, bold=False, color='white', colorSpace='named', contrast=1.0, depth=-1.0, flipHoriz=False, flipVert=False, font='Arial', fontFiles=[], height=0.1, italic=False, languageStyle='LTR', name='text_2', opacity=1.0, ori=0, pos=array([0., 0.]), rgb=array([255., 255., 255.]), text='Waiting for trigger', units='height', win=Window(...), wrapWidth=1)
6.7132 	EXP 	Created fiCross1 = ShapeStim(__class__=<class 'psychopy.visual.shape.ShapeStim'>, autoDraw=False, autoLog=True, closeShape=True, contrast=1.0, depth=0.0, fillColor=array([1., 1., 1.]), fillColorSpace='rgb', interpolate=True, lineColor=array([1., 1., 1.]), lineColorSpace='rgb', lineWidth=1, name='fiCross1', opacity=1.0, ori=array(0.), pos=array([0., 0.]), size=array([0.1, 0.1]), units='height', vertices=ndarray(...), win=Window(...), windingRule=None)
7.3640 	EXP 	Created Listen = ImageStim(__class__=<class 'psychopy.visual.image.ImageStim'>, autoLog=True, color=array([1., 1., 1.]), colorSpace='rgb', contrast=1.0, depth=0.0, flipHoriz=False, flipVert=False, image='Images/heartbeat.png', interpolate=True, mask=None, maskParams=None, name='Listen', opacity=1.0, ori=0.0, pos=array([ 0. , -0.2]), size=array([0.18480903, 0.15169271]), texRes=128, units='height', win=Window(...))
7.3780 	EXP 	Created textListen = TextStim(__class__=<class 'psychopy.visual.text.TextStim'>, alignHoriz=method-wrapper(...), alignText='center', alignVert=method-wrapper(...), anchorHoriz='center', anchorVert='center', antialias=True, autoLog=True, bold=False, color='white', colorSpace='named', contrast=1.0, depth=-1.0, flipHoriz=False, flipVert=False, font='Arial', fontFiles=[], height=0.04, italic=False, languageStyle='LTR', name='textListen', opacity=1.0, ori=0, pos=array([0. , 0.2]), rgb=array([255., 255., 255.]), text='Listen to your Heart', units='height', win=Window(...), wrapWidth=1)
7.3887 	EXP 	Created text_7 = TextStim(__class__=<class 'psychopy.visual.text.TextStim'>, alignHoriz=method-wrapper(...), alignText='center', alignVert=method-wrapper(...), anchorHoriz='center', anchorVert='center', antialias=True, autoLog=True, bold=False, color='red', colorSpace='named', contrast=1.0, depth=0.0, flipHoriz=False, flipVert=False, font='Arial', fontFiles=[], height=0.1, italic=False, languageStyle='LTR', name='text_7', opacity=1.0, ori=0, pos=array([0., 0.]), rgb=array([255.,   0.,   0.]), text='Please stay still during the recording', units='height', win=Window(...), wrapWidth=1)
7.3914 	EXP 	Created text_3 = TextStim(__class__=<class 'psychopy.visual.text.TextStim'>, alignHoriz=method-wrapper(...), alignText='center', alignVert=method-wrapper(...), anchorHoriz='center', anchorVert='center', antialias=True, autoLog=True, bold=False, color='white', colorSpace='named', contrast=1.0, depth=0.0, flipHoriz=False, flipVert=False, font='Arial', fontFiles=[], height=0.04, italic=False, languageStyle='LTR', name='text_3', opacity=1.0, ori=0, pos=array([0. , 0.2]), rgb=array([255., 255., 255.]), text='Listen to the tones', units='height', win=Window(...), wrapWidth=1)
7.4666 	EXP 	Created image_2 = ImageStim(__class__=<class 'psychopy.visual.image.ImageStim'>, autoLog=True, color=array([1., 1., 1.]), colorSpace='rgb', contrast=1.0, depth=-1.0, flipHoriz=False, flipVert=False, image='Images/Listen.png', interpolate=True, mask=None, maskParams=None, name='image_2', opacity=1.0, ori=0.0, pos=array([ 0. , -0.2]), size=array([0.15, 0.15]), texRes=128, units='height', win=Window(...))
8.6464 	EXP 	Set  sound=C
8.6691 	EXP 	Set sound_2 sound=A
8.6692 	EXP 	Sound sound_2 set volume 1.000
8.6729 	EXP 	Created fiCross2 = ShapeStim(__class__=<class 'psychopy.visual.shape.ShapeStim'>, autoDraw=False, autoLog=True, closeShape=True, contrast=1.0, depth=0.0, fillColor=array([1., 1., 1.]), fillColorSpace='rgb', interpolate=True, lineColor=array([1., 1., 1.]), lineColorSpace='rgb', lineWidth=1, name='fiCross2', opacity=1.0, ori=array(0.), pos=array([0., 0.]), size=array([0.1, 0.1]), units='height', vertices=ndarray(...), win=Window(...), windingRule=None)
8.6953 	EXP 	Set sound_1 sound=A
8.6953 	EXP 	Sound sound_1 set volume 1.000
8.7283 	EXP 	Created textDecision = TextStim(__class__=<class 'psychopy.visual.text.TextStim'>, alignHoriz=method-wrapper(...), alignText='center', alignVert=method-wrapper(...), anchorHoriz='center', anchorVert='center', antialias=True, autoLog=True, bold=False, color='white', colorSpace='named', contrast=1.0, depth=-2.0, flipHoriz=False, flipVert=False, font='Arial', fontFiles=[], height=0.05, italic=False, languageStyle='LTR', name='textDecision', opacity=1.0, ori=0, pos=array([0. , 0.3]), rgb=array([255., 255., 255.]), text=str(...), units='height', win=Window(...), wrapWidth=1)
9.2724 	EXP 	Created image = ImageStim(__class__=<class 'psychopy.visual.image.ImageStim'>, autoLog=True, color=array([1., 1., 1.]), colorSpace='rgb', contrast=1.0, depth=-3.0, flipHoriz=False, flipVert=False, image='Images/listenResponse.png', interpolate=True, mask=None, maskParams=None, name='image', opacity=1.0, ori=0.0, pos=array([ 0. , -0.2]), size=array([0.39609375, 0.16111111]), texRes=128, units='height', win=Window(...))
9.2786 	EXP 	Created text_Less = TextStim(__class__=<class 'psychopy.visual.text.TextStim'>, alignHoriz=method-wrapper(...), alignText='center', alignVert=method-wrapper(...), anchorHoriz='center', anchorVert='center', antialias=True, autoLog=True, bold=False, color='white', colorSpace='named', contrast=1.0, depth=-6.0, flipHoriz=False, flipVert=False, font='Arial', fontFiles=[], height=0.1, italic=False, languageStyle='LTR', name='text_Less', opacity=1.0, ori=0, pos=array([-0.2,  0. ]), rgb=array([255., 255., 255.]), text='Less', units='height', win=Window(...), wrapWidth=1)
9.2830 	EXP 	Created text_More = TextStim(__class__=<class 'psychopy.visual.text.TextStim'>, alignHoriz=method-wrapper(...), alignText='center', alignVert=method-wrapper(...), anchorHoriz='center', anchorVert='center', antialias=True, autoLog=True, bold=False, color='white', colorSpace='named', contrast=1.0, depth=-7.0, flipHoriz=False, flipVert=False, font='Arial', fontFiles=[], height=0.1, italic=False, languageStyle='LTR', name='text_More', opacity=1.0, ori=0, pos=array([0.2, 0. ]), rgb=array([255., 255., 255.]), text='More', units='height', win=Window(...), wrapWidth=1)
9.3204 	EXP 	Created rating = RatingScale(__class__=type(...), acceptKeys=['return'], acceptPreText=UNKNOWN, acceptSize=UNKNOWN, acceptText='accept?', autoLog=True, choices=False, depth=0, disappear=True, flipVert=False, high=1, kwargs=UNKNOWN, labels=list(...), leftKeys=['left'], lineColor='White', low=0, marker=ShapeStim(...), markerColor='DarkBlue', markerExpansion=UNKNOWN, markerStart=None, maxTime=0.0, minTime=0.4, mouseOnly=False, name='rating', noMouse=False, pos=[0.0, -0.4], precision=100, respKeys=['0', '1'], rightKeys=['right'], scale='<default>', self=UNKNOWN, showAccept=True, showValue=False, singleClick=True, size=0.6, skipKeys=['tab'], stretch=1.0, textColor='LightGray', textFont='Helvetica Bold', textSize=0.12, tickHeight=1.0, tickMarks=1.0, win=Window(...))
9.3268 	EXP 	Created text_4 = TextStim(__class__=<class 'psychopy.visual.text.TextStim'>, alignHoriz=method-wrapper(...), alignText='center', alignVert=method-wrapper(...), anchorHoriz='center', anchorVert='center', antialias=True, autoLog=True, bold=False, color='red', colorSpace='named', contrast=1.0, depth=0.0, flipHoriz=False, flipVert=False, font='Arial', fontFiles=[], height=0.1, italic=False, languageStyle='LTR', name='text_4', opacity=1.0, ori=0, pos=array([0., 0.]), rgb=array([255.,   0.,   0.]), text='Too late', units='height', win=Window(...), wrapWidth=1)
9.3477 	EXP 	Created text = TextStim(__class__=<class 'psychopy.visual.text.TextStim'>, alignHoriz=method-wrapper(...), alignText='center', alignVert=method-wrapper(...), anchorHoriz='center', anchorVert='center', antialias=True, autoLog=True, bold=False, color='white', colorSpace='named', contrast=1.0, depth=0.0, flipHoriz=False, flipVert=False, font='Arial', fontFiles=[], height=0.1, italic=False, languageStyle='LTR', name='text', opacity=1.0, ori=0, pos=array([0., 0.]), rgb=array([255., 255., 255.]), text=str(...), units='height', win=Window(...), wrapWidth=1)
9.3549 	EXP 	rating: flipVert = False
9.3549 	EXP 	rating: autoLog = True
9.3549 	EXP 	text_2: autoDraw = True
10.9558 	DATA 	Keypress: 5
10.9658 	EXP 	Imported Conditions.xlsx as conditions, 2 conditions, 1 params
10.9660 	EXP 	Created sequence: random, trialTypes=2, nReps=1, seed=None
10.9662 	EXP 	New trial (rep=0, index=0): OrderedDict([('condition', 'Extero')])
10.9720 	EXP 	text_2: autoDraw = False
10.9720 	EXP 	fiCross1: autoDraw = True
11.3714 	EXP 	Created sequence: random, trialTypes=1, nReps=0, seed=None
11.3718 	EXP 	Created sequence: random, trialTypes=1, nReps=1, seed=None
11.3720 	EXP 	New trial (rep=0, index=0): None
11.3942 	EXP 	Set sound_2 sound=C:\Users\au646069\github\Cardioception\cardioception\HeartRateDiscrimination\fMRI\sounds\60.wav
11.3949 	EXP 	Sound sound_2 started
11.4261 	EXP 	fiCross1: autoDraw = False
11.4261 	EXP 	fiCross1: autoDraw = False
11.4261 	EXP 	text_3: autoDraw = True
11.4261 	EXP 	image_2: autoDraw = True
16.3756 	EXP 	Sound sound_2 stopped
16.3917 	EXP 	text_3: autoDraw = False
16.3917 	EXP 	image_2: autoDraw = False
16.3917 	EXP 	fiCross2: autoDraw = True
16.7861 	EXP 	Set sound_1 sound=C:\Users\au646069\github\Cardioception\cardioception\HeartRateDiscrimination\fMRI\sounds\60.wav
16.7869 	EXP 	Sound sound_1 started
16.8029 	EXP 	fiCross2: autoDraw = False
16.8029 	EXP 	fiCross2: autoDraw = False
16.8029 	EXP 	textDecision: autoDraw = True
16.8029 	EXP 	image: autoDraw = True
16.8029 	EXP 	text_Less: autoDraw = True
16.8029 	EXP 	text_More: autoDraw = True
17.9770 	DATA 	Mouse: Left button down, pos=(828,552)
18.0430 	DATA 	Mouse:  Left button up, pos=(828,552)
21.7800 	EXP 	Sound sound_1 stopped
21.8024 	EXP 	Created sequence: random, trialTypes=1, nReps=1, seed=None
21.8025 	EXP 	New trial (rep=0, index=0): None
21.8032 	EXP 	RatingScale rating: reset()
21.8123 	EXP 	textDecision: autoDraw = False
21.8123 	EXP 	image: autoDraw = False
21.8123 	EXP 	text_Less: autoDraw = False
21.8123 	EXP 	text_More: autoDraw = False
21.8123 	EXP 	rating: autoDraw = True
23.1310 	DATA 	Mouse: Left button down, pos=(1108,335)
23.1323 	DATA 	RatingScale rating: (mouse single-click) rating=0.76
23.1323 	DATA 	RatingScale rating: rating RT=1.329
23.1323 	DATA 	RatingScale rating: history=[(None, 0.0), (0.76, 1.329)]
23.1482 	EXP 	Created sequence: random, trialTypes=1, nReps=0, seed=None
23.1484 	EXP 	New trial (rep=0, index=1): OrderedDict([('condition', 'Intero')])
23.1640 	EXP 	rating: autoDraw = False
23.1640 	EXP 	fiCross1: autoDraw = True
23.2144 	DATA 	Mouse:  Left button up, pos=(1108,335)
24.6491 	EXP 	Created sequence: random, trialTypes=1, nReps=5, seed=None
24.6492 	EXP 	New trial (rep=0, index=0): None
24.7936 	EXP 	fiCross1: autoDraw = False
24.7936 	EXP 	fiCross1: autoDraw = False
24.7936 	EXP 	Listen: autoDraw = True
24.7936 	EXP 	textListen: autoDraw = True
29.6534 	EXP 	Created sequence: random, trialTypes=1, nReps=1, seed=None
29.6535 	EXP 	New trial (rep=0, index=0): None
29.6689 	EXP 	Listen: autoDraw = False
29.6689 	EXP 	textListen: autoDraw = False
29.6689 	EXP 	text_7: autoDraw = True
30.6543 	EXP 	New trial (rep=1, index=0): None
30.6700 	EXP 	text_7: autoDraw = False
30.6700 	EXP 	Listen: autoDraw = True
30.6700 	EXP 	textListen: autoDraw = True
35.6582 	EXP 	Created sequence: random, trialTypes=1, nReps=1, seed=None
35.6584 	EXP 	New trial (rep=0, index=0): None
35.6738 	EXP 	Listen: autoDraw = False
35.6738 	EXP 	textListen: autoDraw = False
35.6738 	EXP 	text_7: autoDraw = True
36.6587 	EXP 	New trial (rep=2, index=0): None
36.6751 	EXP 	text_7: autoDraw = False
36.6751 	EXP 	Listen: autoDraw = True
36.6751 	EXP 	textListen: autoDraw = True
41.6631 	EXP 	Created sequence: random, trialTypes=1, nReps=1, seed=None
41.6633 	EXP 	New trial (rep=0, index=0): None
41.6790 	EXP 	Listen: autoDraw = False
41.6790 	EXP 	textListen: autoDraw = False
41.6790 	EXP 	text_7: autoDraw = True
42.6638 	EXP 	New trial (rep=3, index=0): None
42.6799 	EXP 	text_7: autoDraw = False
42.6799 	EXP 	Listen: autoDraw = True
42.6799 	EXP 	textListen: autoDraw = True
47.6514 	EXP 	Created sequence: random, trialTypes=1, nReps=1, seed=None
47.6515 	EXP 	New trial (rep=0, index=0): None
47.6669 	EXP 	Listen: autoDraw = False
47.6669 	EXP 	textListen: autoDraw = False
47.6669 	EXP 	text_7: autoDraw = True
48.6523 	EXP 	New trial (rep=4, index=0): None
48.6680 	EXP 	text_7: autoDraw = False
48.6680 	EXP 	Listen: autoDraw = True
48.6680 	EXP 	textListen: autoDraw = True
53.6565 	EXP 	Created sequence: random, trialTypes=1, nReps=1, seed=None
53.6566 	EXP 	New trial (rep=0, index=0): None
53.6724 	EXP 	Listen: autoDraw = False
53.6724 	EXP 	textListen: autoDraw = False
53.6724 	EXP 	text_7: autoDraw = True
54.6571 	EXP 	Created sequence: random, trialTypes=1, nReps=0, seed=None
54.6732 	EXP 	text_7: autoDraw = False
54.6732 	EXP 	fiCross2: autoDraw = True
55.3654 	EXP 	Set sound_1 sound=C:\Users\au646069\github\Cardioception\cardioception\HeartRateDiscrimination\fMRI\sounds\60.wav
55.3663 	EXP 	Sound sound_1 started
55.3756 	EXP 	fiCross2: autoDraw = False
55.3756 	EXP 	fiCross2: autoDraw = False
55.3756 	EXP 	textDecision: autoDraw = True
55.3756 	EXP 	image: autoDraw = True
55.3756 	EXP 	text_Less: autoDraw = True
55.3756 	EXP 	text_More: autoDraw = True
59.6286 	DATA 	Mouse: Left button down, pos=(911,538)
59.7451 	DATA 	Mouse:  Left button up, pos=(911,538)
60.3620 	EXP 	Sound sound_1 stopped
60.3827 	EXP 	Created sequence: random, trialTypes=1, nReps=1, seed=None
60.3829 	EXP 	New trial (rep=0, index=0): None
60.3835 	EXP 	RatingScale rating: reset()
60.3887 	EXP 	textDecision: autoDraw = False
60.3887 	EXP 	image: autoDraw = False
60.3887 	EXP 	text_Less: autoDraw = False
60.3887 	EXP 	text_More: autoDraw = False
60.3887 	EXP 	rating: autoDraw = True
61.9157 	DATA 	Mouse: Left button down, pos=(990,327)
61.9158 	DATA 	RatingScale rating: (mouse single-click) rating=0.55
61.9158 	DATA 	RatingScale rating: rating RT=1.532
61.9158 	DATA 	RatingScale rating: history=[(None, 0.0), (0.55, 1.532)]
61.9300 	EXP 	Created sequence: random, trialTypes=1, nReps=0, seed=None
61.9456 	EXP 	rating: autoDraw = False
61.9456 	EXP 	text: autoDraw = True
62.0299 	DATA 	Mouse:  Left button up, pos=(990,327)
62.9466 	EXP 	text: autoDraw = False
62.9466 	EXP 	text: autoDraw = False
62.9784 	EXP 	window1: mouseVisible = True
