0.5851 	WARNING 	We strongly recommend you activate the PTB sound engine in PsychoPy prefs as the preferred audio engine. Its timing is vastly superior. Your prefs are currently set to use ['pyo', 'pygame'] (in that order).
1.8464 	WARNING 	Import Error: No module named 'psychtoolbox'. Using event module for keyboard component.
3.7348 	WARNING 	User requested fullscreen with size [1440 2560], but screen is actually [1920, 1080]. Using actual size
5.2783 	EXP 	Created window1 = Window(allowGUI=True, allowStencil=False, args=UNKNOWN, autoLog=True, bitsMode=UNKNOWN, blendMode='avg', bpc=(8, 8, 8), color=array([0., 0., 0.]), colorSpace='rgb', depthBits=8, fullscr=<method-wrapper '__getattribute__' of attributeSetter object at 0x000002287FE0AEC8>, gamma=None, gammaErrorPolicy='raise', kwargs=UNKNOWN, lms=UNKNOWN, monitor=<psychopy.monitors.calibTools.Monitor object at 0x000002287FE8A388>, multiSample=False, name='window1', numSamples=2, pos=[0.0, 0.0], screen=0, size=array([1920, 1080]), stencilBits=0, stereo=False, units='height', useFBO=True, useRetina=False, viewOri=0.0, viewPos=None, viewScale=None, waitBlanking=True, winType='pyglet')
5.2784 	EXP 	window1: recordFrameIntervals = False
5.4452 	EXP 	window1: recordFrameIntervals = True
5.6284 	EXP 	window1: recordFrameIntervals = False
5.6899 	EXP 	Created text_2 = TextStim(__class__=<class 'psychopy.visual.text.TextStim'>, alignHoriz=method-wrapper(...), alignText='center', alignVert=method-wrapper(...), anchorHoriz='center', anchorVert='center', antialias=True, autoLog=True, bold=False, color='white', colorSpace='named', contrast=1.0, depth=-1.0, flipHoriz=False, flipVert=False, font='Arial', fontFiles=[], height=0.1, italic=False, languageStyle='LTR', name='text_2', opacity=1.0, ori=0, pos=array([0., 0.]), rgb=array([255., 255., 255.]), text='Waiting for trigger', units='height', win=Window(...), wrapWidth=1)
5.6911 	EXP 	Created fiCross1 = ShapeStim(__class__=<class 'psychopy.visual.shape.ShapeStim'>, autoDraw=False, autoLog=True, closeShape=True, contrast=1.0, depth=0.0, fillColor=array([1., 1., 1.]), fillColorSpace='rgb', interpolate=True, lineColor=array([1., 1., 1.]), lineColorSpace='rgb', lineWidth=1, name='fiCross1', opacity=1.0, ori=array(0.), pos=array([0., 0.]), size=array([0.1, 0.1]), units='height', vertices=ndarray(...), win=Window(...), windingRule=None)
6.3561 	EXP 	Created Listen = ImageStim(__class__=<class 'psychopy.visual.image.ImageStim'>, autoLog=True, color=array([1., 1., 1.]), colorSpace='rgb', contrast=1.0, depth=0.0, flipHoriz=False, flipVert=False, image='Images/heartbeat.png', interpolate=True, mask=None, maskParams=None, name='Listen', opacity=1.0, ori=0.0, pos=array([ 0. , -0.2]), size=array([0.18480903, 0.15169271]), texRes=128, units='height', win=Window(...))
6.3728 	EXP 	Created textListen = TextStim(__class__=<class 'psychopy.visual.text.TextStim'>, alignHoriz=method-wrapper(...), alignText='center', alignVert=method-wrapper(...), anchorHoriz='center', anchorVert='center', antialias=True, autoLog=True, bold=False, color='white', colorSpace='named', contrast=1.0, depth=-1.0, flipHoriz=False, flipVert=False, font='Arial', fontFiles=[], height=0.04, italic=False, languageStyle='LTR', name='textListen', opacity=1.0, ori=0, pos=array([0. , 0.2]), rgb=array([255., 255., 255.]), text='Listen to your Heart', units='height', win=Window(...), wrapWidth=1)
6.3845 	EXP 	Created text_5 = TextStim(__class__=<class 'psychopy.visual.text.TextStim'>, alignHoriz=method-wrapper(...), alignText='center', alignVert=method-wrapper(...), anchorHoriz='center', anchorVert='center', antialias=True, autoLog=True, bold=False, color='red', colorSpace='named', contrast=1.0, depth=0.0, flipHoriz=False, flipVert=False, font='Arial', fontFiles=[], height=0.1, italic=False, languageStyle='LTR', name='text_5', opacity=1.0, ori=0, pos=array([0., 0.]), rgb=array([255.,   0.,   0.]), text='Please stay still during the recording', units='height', win=Window(...), wrapWidth=1)
6.3873 	EXP 	Created text_3 = TextStim(__class__=<class 'psychopy.visual.text.TextStim'>, alignHoriz=method-wrapper(...), alignText='center', alignVert=method-wrapper(...), anchorHoriz='center', anchorVert='center', antialias=True, autoLog=True, bold=False, color='white', colorSpace='named', contrast=1.0, depth=0.0, flipHoriz=False, flipVert=False, font='Arial', fontFiles=[], height=0.04, italic=False, languageStyle='LTR', name='text_3', opacity=1.0, ori=0, pos=array([0. , 0.2]), rgb=array([255., 255., 255.]), text='Listen to the tones', units='height', win=Window(...), wrapWidth=1)
6.4630 	EXP 	Created image_2 = ImageStim(__class__=<class 'psychopy.visual.image.ImageStim'>, autoLog=True, color=array([1., 1., 1.]), colorSpace='rgb', contrast=1.0, depth=-1.0, flipHoriz=False, flipVert=False, image='Images/Listen.png', interpolate=True, mask=None, maskParams=None, name='image_2', opacity=1.0, ori=0.0, pos=array([ 0. , -0.2]), size=array([0.15, 0.15]), texRes=128, units='height', win=Window(...))
7.6268 	EXP 	Set  sound=C
7.6612 	EXP 	Set sound_2 sound=A
7.6612 	EXP 	Sound sound_2 set volume 1.000
7.6651 	EXP 	Created fiCross2 = ShapeStim(__class__=<class 'psychopy.visual.shape.ShapeStim'>, autoDraw=False, autoLog=True, closeShape=True, contrast=1.0, depth=0.0, fillColor=array([1., 1., 1.]), fillColorSpace='rgb', interpolate=True, lineColor=array([1., 1., 1.]), lineColorSpace='rgb', lineWidth=1, name='fiCross2', opacity=1.0, ori=array(0.), pos=array([0., 0.]), size=array([0.1, 0.1]), units='height', vertices=ndarray(...), win=Window(...), windingRule=None)
7.6876 	EXP 	Set sound_1 sound=A
7.6876 	EXP 	Sound sound_1 set volume 1.000
7.7189 	EXP 	Created textDecision = TextStim(__class__=<class 'psychopy.visual.text.TextStim'>, alignHoriz=method-wrapper(...), alignText='center', alignVert=method-wrapper(...), anchorHoriz='center', anchorVert='center', antialias=True, autoLog=True, bold=False, color='white', colorSpace='named', contrast=1.0, depth=-2.0, flipHoriz=False, flipVert=False, font='Arial', fontFiles=[], height=0.05, italic=False, languageStyle='LTR', name='textDecision', opacity=1.0, ori=0, pos=array([0. , 0.3]), rgb=array([255., 255., 255.]), text=str(...), units='height', win=Window(...), wrapWidth=1)
7.9193 	EXP 	Created image = ImageStim(__class__=<class 'psychopy.visual.image.ImageStim'>, autoLog=True, color=array([1., 1., 1.]), colorSpace='rgb', contrast=1.0, depth=-3.0, flipHoriz=False, flipVert=False, image='Images/listenResponse.png', interpolate=True, mask=None, maskParams=None, name='image', opacity=1.0, ori=0.0, pos=array([ 0. , -0.2]), size=array([0.39609375, 0.16111111]), texRes=128, units='height', win=Window(...))
7.9249 	EXP 	Created text_Less = TextStim(__class__=<class 'psychopy.visual.text.TextStim'>, alignHoriz=method-wrapper(...), alignText='center', alignVert=method-wrapper(...), anchorHoriz='center', anchorVert='center', antialias=True, autoLog=True, bold=False, color='white', colorSpace='named', contrast=1.0, depth=-6.0, flipHoriz=False, flipVert=False, font='Arial', fontFiles=[], height=0.1, italic=False, languageStyle='LTR', name='text_Less', opacity=1.0, ori=0, pos=array([-0.2,  0. ]), rgb=array([255., 255., 255.]), text='Less', units='height', win=Window(...), wrapWidth=1)
7.9292 	EXP 	Created text_More = TextStim(__class__=<class 'psychopy.visual.text.TextStim'>, alignHoriz=method-wrapper(...), alignText='center', alignVert=method-wrapper(...), anchorHoriz='center', anchorVert='center', antialias=True, autoLog=True, bold=False, color='white', colorSpace='named', contrast=1.0, depth=-7.0, flipHoriz=False, flipVert=False, font='Arial', fontFiles=[], height=0.1, italic=False, languageStyle='LTR', name='text_More', opacity=1.0, ori=0, pos=array([0.2, 0. ]), rgb=array([255., 255., 255.]), text='More', units='height', win=Window(...), wrapWidth=1)
7.9638 	EXP 	Created rating = RatingScale(__class__=type(...), acceptKeys=['return'], acceptPreText=UNKNOWN, acceptSize=UNKNOWN, acceptText='accept?', autoLog=True, choices=False, depth=0, disappear=True, flipVert=False, high=1, kwargs=UNKNOWN, labels=list(...), leftKeys=['left'], lineColor='White', low=0, marker=ShapeStim(...), markerColor='DarkBlue', markerExpansion=UNKNOWN, markerStart=None, maxTime=0.0, minTime=0.4, mouseOnly=False, name='rating', noMouse=False, pos=[0.0, -0.4], precision=100, respKeys=['0', '1'], rightKeys=['right'], scale='<default>', self=UNKNOWN, showAccept=True, showValue=False, singleClick=True, size=0.6, skipKeys=['tab'], stretch=1.0, textColor='LightGray', textFont='Helvetica Bold', textSize=0.12, tickHeight=1.0, tickMarks=1.0, win=Window(...))
7.9698 	EXP 	Created text_4 = TextStim(__class__=<class 'psychopy.visual.text.TextStim'>, alignHoriz=method-wrapper(...), alignText='center', alignVert=method-wrapper(...), anchorHoriz='center', anchorVert='center', antialias=True, autoLog=True, bold=False, color='red', colorSpace='named', contrast=1.0, depth=0.0, flipHoriz=False, flipVert=False, font='Arial', fontFiles=[], height=0.1, italic=False, languageStyle='LTR', name='text_4', opacity=1.0, ori=0, pos=array([0., 0.]), rgb=array([255.,   0.,   0.]), text='Too late', units='height', win=Window(...), wrapWidth=1)
7.9902 	EXP 	Created text = TextStim(__class__=<class 'psychopy.visual.text.TextStim'>, alignHoriz=method-wrapper(...), alignText='center', alignVert=method-wrapper(...), anchorHoriz='center', anchorVert='center', antialias=True, autoLog=True, bold=False, color='white', colorSpace='named', contrast=1.0, depth=0.0, flipHoriz=False, flipVert=False, font='Arial', fontFiles=[], height=0.1, italic=False, languageStyle='LTR', name='text', opacity=1.0, ori=0, pos=array([0., 0.]), rgb=array([255., 255., 255.]), text=str(...), units='height', win=Window(...), wrapWidth=1)
7.9966 	EXP 	rating: flipVert = False
7.9966 	EXP 	rating: autoLog = True
7.9966 	EXP 	text_2: autoDraw = True
8.4486 	DATA 	Keypress: 5
8.4722 	EXP 	Imported Conditions.xlsx as conditions, 2 conditions, 1 params
8.4725 	EXP 	Created sequence: random, trialTypes=2, nReps=1, seed=None
8.4727 	EXP 	New trial (rep=0, index=0): OrderedDict([('condition', 'Intero')])
8.4808 	EXP 	text_2: autoDraw = False
8.4808 	EXP 	fiCross1: autoDraw = True
9.4657 	EXP 	Created sequence: random, trialTypes=1, nReps=5, seed=None
9.4658 	EXP 	New trial (rep=0, index=0): None
9.5082 	EXP 	fiCross1: autoDraw = False
9.5082 	EXP 	fiCross1: autoDraw = False
9.5082 	EXP 	Listen: autoDraw = True
9.5082 	EXP 	textListen: autoDraw = True
14.4856 	EXP 	Listen: autoDraw = False
14.4856 	EXP 	textListen: autoDraw = False
14.4856 	EXP 	text_5: autoDraw = True
15.4704 	EXP 	Created sequence: random, trialTypes=1, nReps=0, seed=None
15.4868 	EXP 	text_5: autoDraw = False
15.4868 	EXP 	fiCross2: autoDraw = True
16.0813 	EXP 	Set sound_1 sound=C:\Users\au646069\github\Cardioception\cardioception\HeartRateDiscrimination\fMRI\sounds\72.wav
16.0819 	EXP 	Sound sound_1 started
16.0984 	EXP 	fiCross2: autoDraw = False
16.0984 	EXP 	fiCross2: autoDraw = False
16.0984 	EXP 	textDecision: autoDraw = True
16.0984 	EXP 	image: autoDraw = True
16.0984 	EXP 	text_Less: autoDraw = True
16.0984 	EXP 	text_More: autoDraw = True
20.5795 	DATA 	Mouse: Left button down, pos=(750,574)
20.6577 	DATA 	Mouse:  Left button up, pos=(750,574)
21.0753 	EXP 	Sound sound_1 stopped
21.0974 	EXP 	Created sequence: random, trialTypes=1, nReps=1, seed=None
21.0975 	EXP 	New trial (rep=0, index=0): None
21.0983 	EXP 	RatingScale rating: reset()
21.1095 	EXP 	textDecision: autoDraw = False
21.1095 	EXP 	image: autoDraw = False
21.1095 	EXP 	text_Less: autoDraw = False
21.1095 	EXP 	text_More: autoDraw = False
21.1095 	EXP 	rating: autoDraw = True
22.4596 	DATA 	Mouse: Right button down, pos=(1004,506)
22.5429 	DATA 	Mouse:  Right button up, pos=(1004,506)
23.2766 	DATA 	Mouse: Left button down, pos=(1176,347)
23.2781 	DATA 	RatingScale rating: (mouse single-click) rating=0.88
23.2781 	DATA 	RatingScale rating: rating RT=2.179
23.2781 	DATA 	RatingScale rating: history=[(None, 0.0), (0.88, 2.179)]
23.2941 	EXP 	Created sequence: random, trialTypes=1, nReps=0, seed=None
23.2943 	EXP 	New trial (rep=0, index=1): OrderedDict([('condition', 'Extero')])
23.3099 	EXP 	rating: autoDraw = False
23.3099 	EXP 	fiCross1: autoDraw = True
23.4110 	DATA 	Mouse:  Left button up, pos=(1176,347)
25.1949 	EXP 	Created sequence: random, trialTypes=1, nReps=0, seed=None
25.1950 	EXP 	Created sequence: random, trialTypes=1, nReps=1, seed=None
25.1952 	EXP 	New trial (rep=0, index=0): None
25.2361 	EXP 	Set sound_2 sound=C:\Users\au646069\github\Cardioception\cardioception\HeartRateDiscrimination\fMRI\sounds\97.wav
25.2369 	EXP 	Sound sound_2 started
25.2450 	EXP 	fiCross1: autoDraw = False
25.2450 	EXP 	fiCross1: autoDraw = False
25.2450 	EXP 	text_3: autoDraw = True
25.2450 	EXP 	image_2: autoDraw = True
30.1993 	EXP 	Sound sound_2 stopped
30.2157 	EXP 	text_3: autoDraw = False
30.2157 	EXP 	image_2: autoDraw = False
30.2157 	EXP 	fiCross2: autoDraw = True
31.2035 	EXP 	Set sound_1 sound=C:\Users\au646069\github\Cardioception\cardioception\HeartRateDiscrimination\fMRI\sounds\97.wav
31.2041 	EXP 	Sound sound_1 started
31.2169 	EXP 	fiCross2: autoDraw = False
31.2169 	EXP 	fiCross2: autoDraw = False
31.2169 	EXP 	textDecision: autoDraw = True
31.2169 	EXP 	image: autoDraw = True
31.2169 	EXP 	text_Less: autoDraw = True
31.2169 	EXP 	text_More: autoDraw = True
32.7018 	DATA 	Mouse: Right button down, pos=(901,489)
32.7846 	DATA 	Mouse:  Right button up, pos=(901,489)
36.2055 	EXP 	Sound sound_1 stopped
36.2458 	EXP 	Created sequence: random, trialTypes=1, nReps=1, seed=None
36.2460 	EXP 	New trial (rep=0, index=0): None
36.2467 	EXP 	RatingScale rating: reset()
36.2519 	EXP 	textDecision: autoDraw = False
36.2519 	EXP 	image: autoDraw = False
36.2519 	EXP 	text_Less: autoDraw = False
36.2519 	EXP 	text_More: autoDraw = False
36.2519 	EXP 	rating: autoDraw = True
39.2073 	EXP 	Created sequence: random, trialTypes=1, nReps=0, seed=None
39.2228 	EXP 	rating: autoDraw = False
39.2228 	EXP 	text: autoDraw = True
40.2243 	EXP 	text: autoDraw = False
40.2521 	EXP 	window1: mouseVisible = True
