0.5893 	WARNING 	We strongly recommend you activate the PTB sound engine in PsychoPy prefs as the preferred audio engine. Its timing is vastly superior. Your prefs are currently set to use ['pyo', 'pygame'] (in that order).
1.8623 	WARNING 	Import Error: No module named 'psychtoolbox'. Using event module for keyboard component.
4.4087 	WARNING 	User requested fullscreen with size [1440 2560], but screen is actually [1920, 1080]. Using actual size
5.9750 	EXP 	Created window1 = Window(allowGUI=True, allowStencil=False, args=UNKNOWN, autoLog=True, bitsMode=UNKNOWN, blendMode='avg', bpc=(8, 8, 8), color=array([0., 0., 0.]), colorSpace='rgb', depthBits=8, fullscr=<method-wrapper '__getattribute__' of attributeSetter object at 0x0000017FA4D6AC48>, gamma=None, gammaErrorPolicy='raise', kwargs=UNKNOWN, lms=UNKNOWN, monitor=<psychopy.monitors.calibTools.Monitor object at 0x0000017FA4DCAF48>, multiSample=False, name='window1', numSamples=2, pos=[0.0, 0.0], screen=0, size=array([1920, 1080]), stencilBits=0, stereo=False, units='height', useFBO=True, useRetina=False, viewOri=0.0, viewPos=None, viewScale=None, waitBlanking=True, winType='pyglet')
5.9751 	EXP 	window1: recordFrameIntervals = False
6.1414 	EXP 	window1: recordFrameIntervals = True
6.3258 	EXP 	window1: recordFrameIntervals = False
6.3907 	EXP 	Created text_2 = TextStim(__class__=<class 'psychopy.visual.text.TextStim'>, alignHoriz=method-wrapper(...), alignText='center', alignVert=method-wrapper(...), anchorHoriz='center', anchorVert='center', antialias=True, autoLog=True, bold=False, color='white', colorSpace='named', contrast=1.0, depth=-1.0, flipHoriz=False, flipVert=False, font='Arial', fontFiles=[], height=0.1, italic=False, languageStyle='LTR', name='text_2', opacity=1.0, ori=0, pos=array([0., 0.]), rgb=array([255., 255., 255.]), text='Waiting for trigger', units='height', win=Window(...), wrapWidth=1)
6.3919 	EXP 	Created fiCross1 = ShapeStim(__class__=<class 'psychopy.visual.shape.ShapeStim'>, autoDraw=False, autoLog=True, closeShape=True, contrast=1.0, depth=0.0, fillColor=array([1., 1., 1.]), fillColorSpace='rgb', interpolate=True, lineColor=array([1., 1., 1.]), lineColorSpace='rgb', lineWidth=1, name='fiCross1', opacity=1.0, ori=array(0.), pos=array([0., 0.]), size=array([0.1, 0.1]), units='height', vertices=ndarray(...), win=Window(...), windingRule=None)
7.0619 	EXP 	Created Listen = ImageStim(__class__=<class 'psychopy.visual.image.ImageStim'>, autoLog=True, color=array([1., 1., 1.]), colorSpace='rgb', contrast=1.0, depth=0.0, flipHoriz=False, flipVert=False, image='Images/heartbeat.png', interpolate=True, mask=None, maskParams=None, name='Listen', opacity=1.0, ori=0.0, pos=array([ 0. , -0.2]), size=array([0.18480903, 0.15169271]), texRes=128, units='height', win=Window(...))
7.0755 	EXP 	Created textListen = TextStim(__class__=<class 'psychopy.visual.text.TextStim'>, alignHoriz=method-wrapper(...), alignText='center', alignVert=method-wrapper(...), anchorHoriz='center', anchorVert='center', antialias=True, autoLog=True, bold=False, color='white', colorSpace='named', contrast=1.0, depth=-1.0, flipHoriz=False, flipVert=False, font='Arial', fontFiles=[], height=0.04, italic=False, languageStyle='LTR', name='textListen', opacity=1.0, ori=0, pos=array([0. , 0.2]), rgb=array([255., 255., 255.]), text='Listen to your Heart', units='height', win=Window(...), wrapWidth=1)
7.0787 	EXP 	Created text_3 = TextStim(__class__=<class 'psychopy.visual.text.TextStim'>, alignHoriz=method-wrapper(...), alignText='center', alignVert=method-wrapper(...), anchorHoriz='center', anchorVert='center', antialias=True, autoLog=True, bold=False, color='white', colorSpace='named', contrast=1.0, depth=0.0, flipHoriz=False, flipVert=False, font='Arial', fontFiles=[], height=0.04, italic=False, languageStyle='LTR', name='text_3', opacity=1.0, ori=0, pos=array([0. , 0.2]), rgb=array([255., 255., 255.]), text='Listen to the tones', units='height', win=Window(...), wrapWidth=1)
7.1537 	EXP 	Created image_2 = ImageStim(__class__=<class 'psychopy.visual.image.ImageStim'>, autoLog=True, color=array([1., 1., 1.]), colorSpace='rgb', contrast=1.0, depth=-1.0, flipHoriz=False, flipVert=False, image='Images/Listen.png', interpolate=True, mask=None, maskParams=None, name='image_2', opacity=1.0, ori=0.0, pos=array([ 0. , -0.2]), size=array([0.15, 0.15]), texRes=128, units='height', win=Window(...))
8.3552 	EXP 	Set  sound=C
8.3874 	EXP 	Set sound_2 sound=A
8.3875 	EXP 	Sound sound_2 set volume 1.000
8.3887 	EXP 	Created fiCross2 = ShapeStim(__class__=<class 'psychopy.visual.shape.ShapeStim'>, autoDraw=False, autoLog=True, closeShape=True, contrast=1.0, depth=0.0, fillColor=array([1., 1., 1.]), fillColorSpace='rgb', interpolate=True, lineColor=array([1., 1., 1.]), lineColorSpace='rgb', lineWidth=1, name='fiCross2', opacity=1.0, ori=array(0.), pos=array([0., 0.]), size=array([0.1, 0.1]), units='height', vertices=ndarray(...), win=Window(...), windingRule=None)
8.4103 	EXP 	Set sound_1 sound=A
8.4103 	EXP 	Sound sound_1 set volume 1.000
8.4466 	EXP 	Created textDecision = TextStim(__class__=<class 'psychopy.visual.text.TextStim'>, alignHoriz=method-wrapper(...), alignText='center', alignVert=method-wrapper(...), anchorHoriz='center', anchorVert='center', antialias=True, autoLog=True, bold=False, color='white', colorSpace='named', contrast=1.0, depth=-2.0, flipHoriz=False, flipVert=False, font='Arial', fontFiles=[], height=0.05, italic=False, languageStyle='LTR', name='textDecision', opacity=1.0, ori=0, pos=array([0. , 0.3]), rgb=array([255., 255., 255.]), text=str(...), units='height', win=Window(...), wrapWidth=1)
8.6855 	EXP 	Created image = ImageStim(__class__=<class 'psychopy.visual.image.ImageStim'>, autoLog=True, color=array([1., 1., 1.]), colorSpace='rgb', contrast=1.0, depth=-3.0, flipHoriz=False, flipVert=False, image='Images/listenResponse.png', interpolate=True, mask=None, maskParams=None, name='image', opacity=1.0, ori=0.0, pos=array([ 0. , -0.2]), size=array([0.39609375, 0.16111111]), texRes=128, units='height', win=Window(...))
8.6940 	EXP 	Created text_Less = TextStim(__class__=<class 'psychopy.visual.text.TextStim'>, alignHoriz=method-wrapper(...), alignText='center', alignVert=method-wrapper(...), anchorHoriz='center', anchorVert='center', antialias=True, autoLog=True, bold=False, color='white', colorSpace='named', contrast=1.0, depth=-6.0, flipHoriz=False, flipVert=False, font='Arial', fontFiles=[], height=0.1, italic=False, languageStyle='LTR', name='text_Less', opacity=1.0, ori=0, pos=array([-0.2,  0. ]), rgb=array([255., 255., 255.]), text='Less', units='height', win=Window(...), wrapWidth=1)
8.6986 	EXP 	Created text_More = TextStim(__class__=<class 'psychopy.visual.text.TextStim'>, alignHoriz=method-wrapper(...), alignText='center', alignVert=method-wrapper(...), anchorHoriz='center', anchorVert='center', antialias=True, autoLog=True, bold=False, color='white', colorSpace='named', contrast=1.0, depth=-7.0, flipHoriz=False, flipVert=False, font='Arial', fontFiles=[], height=0.1, italic=False, languageStyle='LTR', name='text_More', opacity=1.0, ori=0, pos=array([0.2, 0. ]), rgb=array([255., 255., 255.]), text='More', units='height', win=Window(...), wrapWidth=1)
8.7350 	EXP 	Created rating = RatingScale(__class__=type(...), acceptKeys=['return'], acceptPreText=UNKNOWN, acceptSize=UNKNOWN, acceptText='accept?', autoLog=True, choices=False, depth=0, disappear=True, flipVert=False, high=1, kwargs=UNKNOWN, labels=list(...), leftKeys=['left'], lineColor='White', low=0, marker=ShapeStim(...), markerColor='DarkBlue', markerExpansion=UNKNOWN, markerStart=None, maxTime=0.0, minTime=0.4, mouseOnly=False, name='rating', noMouse=False, pos=[0.0, -0.4], precision=100, respKeys=['0', '1'], rightKeys=['right'], scale='<default>', self=UNKNOWN, showAccept=True, showValue=False, singleClick=True, size=0.6, skipKeys=['tab'], stretch=1.0, textColor='LightGray', textFont='Helvetica Bold', textSize=0.12, tickHeight=1.0, tickMarks=1.0, win=Window(...))
8.7422 	EXP 	Created text_4 = TextStim(__class__=<class 'psychopy.visual.text.TextStim'>, alignHoriz=method-wrapper(...), alignText='center', alignVert=method-wrapper(...), anchorHoriz='center', anchorVert='center', antialias=True, autoLog=True, bold=False, color='red', colorSpace='named', contrast=1.0, depth=0.0, flipHoriz=False, flipVert=False, font='Arial', fontFiles=[], height=0.1, italic=False, languageStyle='LTR', name='text_4', opacity=1.0, ori=0, pos=array([0., 0.]), rgb=array([255.,   0.,   0.]), text='Too late', units='height', win=Window(...), wrapWidth=1)
8.7595 	EXP 	Created text = TextStim(__class__=<class 'psychopy.visual.text.TextStim'>, alignHoriz=method-wrapper(...), alignText='center', alignVert=method-wrapper(...), anchorHoriz='center', anchorVert='center', antialias=True, autoLog=True, bold=False, color='white', colorSpace='named', contrast=1.0, depth=0.0, flipHoriz=False, flipVert=False, font='Arial', fontFiles=[], height=0.1, italic=False, languageStyle='LTR', name='text', opacity=1.0, ori=0, pos=array([0., 0.]), rgb=array([255., 255., 255.]), text=str(...), units='height', win=Window(...), wrapWidth=1)
8.7653 	EXP 	rating: flipVert = False
8.7653 	EXP 	rating: autoLog = True
8.7653 	EXP 	text_2: autoDraw = True
11.4303 	DATA 	Keypress: 5
11.4450 	EXP 	Imported Conditions.xlsx as conditions, 2 conditions, 1 params
11.4452 	EXP 	Created sequence: random, trialTypes=2, nReps=1, seed=None
11.4454 	EXP 	New trial (rep=0, index=0): OrderedDict([('condition', 'Extero')])
11.4500 	EXP 	text_2: autoDraw = False
11.4500 	EXP 	fiCross1: autoDraw = True
13.0479 	EXP 	Created sequence: random, trialTypes=1, nReps=0, seed=None
13.0482 	EXP 	Created sequence: random, trialTypes=1, nReps=1, seed=None
13.0484 	EXP 	New trial (rep=0, index=0): None
13.0590 	EXP 	Set sound_2 sound=C:\Users\au646069\github\Cardioception\cardioception\HeartRateDiscrimination\fMRI\sounds\76.wav
13.0597 	EXP 	Sound sound_2 started
13.0911 	EXP 	fiCross1: autoDraw = False
13.0911 	EXP 	fiCross1: autoDraw = False
13.0911 	EXP 	text_3: autoDraw = True
13.0911 	EXP 	image_2: autoDraw = True
18.0524 	EXP 	Sound sound_2 stopped
18.0681 	EXP 	text_3: autoDraw = False
18.0681 	EXP 	image_2: autoDraw = False
18.0681 	EXP 	fiCross2: autoDraw = True
18.4630 	EXP 	Set sound_1 sound=C:\Users\au646069\github\Cardioception\cardioception\HeartRateDiscrimination\fMRI\sounds\76.wav
18.4637 	EXP 	Sound sound_1 started
18.6266 	EXP 	fiCross2: autoDraw = False
18.6266 	EXP 	fiCross2: autoDraw = False
18.6266 	EXP 	textDecision: autoDraw = True
18.6266 	EXP 	image: autoDraw = True
18.6266 	EXP 	text_Less: autoDraw = True
18.6266 	EXP 	text_More: autoDraw = True
23.4566 	EXP 	Sound sound_1 stopped
23.4577 	EXP 	Created sequence: random, trialTypes=1, nReps=0, seed=None
23.4579 	EXP 	Created sequence: random, trialTypes=1, nReps=1, seed=None
23.4580 	EXP 	New trial (rep=0, index=0): None
23.4726 	EXP 	textDecision: autoDraw = False
23.4726 	EXP 	image: autoDraw = False
23.4726 	EXP 	text_Less: autoDraw = False
23.4726 	EXP 	text_More: autoDraw = False
23.4726 	EXP 	text_4: autoDraw = True
25.4583 	EXP 	New trial (rep=0, index=1): OrderedDict([('condition', 'Intero')])
25.4747 	EXP 	text_4: autoDraw = False
25.4747 	EXP 	fiCross1: autoDraw = True
25.7583 	EXP 	Created sequence: random, trialTypes=1, nReps=1, seed=None
25.7585 	EXP 	New trial (rep=0, index=0): None
25.8616 	EXP 	fiCross1: autoDraw = False
25.8616 	EXP 	fiCross1: autoDraw = False
25.8616 	EXP 	Listen: autoDraw = True
25.8616 	EXP 	textListen: autoDraw = True
30.7626 	EXP 	Created sequence: random, trialTypes=1, nReps=0, seed=None
30.7789 	EXP 	Listen: autoDraw = False
30.7789 	EXP 	textListen: autoDraw = False
30.7789 	EXP 	fiCross2: autoDraw = True
32.4706 	EXP 	Set sound_1 sound=C:\Users\au646069\github\Cardioception\cardioception\HeartRateDiscrimination\fMRI\sounds\72.wav
32.4714 	EXP 	Sound sound_1 started
32.4801 	EXP 	fiCross2: autoDraw = False
32.4801 	EXP 	fiCross2: autoDraw = False
32.4801 	EXP 	textDecision: autoDraw = True
32.4801 	EXP 	image: autoDraw = True
32.4801 	EXP 	text_Less: autoDraw = True
32.4801 	EXP 	text_More: autoDraw = True
37.4680 	EXP 	Sound sound_1 stopped
37.4688 	EXP 	Created sequence: random, trialTypes=1, nReps=0, seed=None
37.4690 	EXP 	Created sequence: random, trialTypes=1, nReps=1, seed=None
37.4691 	EXP 	New trial (rep=0, index=0): None
37.4841 	EXP 	textDecision: autoDraw = False
37.4841 	EXP 	image: autoDraw = False
37.4841 	EXP 	text_Less: autoDraw = False
37.4841 	EXP 	text_More: autoDraw = False
37.4841 	EXP 	text_4: autoDraw = True
39.4857 	EXP 	text_4: autoDraw = False
39.4857 	EXP 	text: autoDraw = True
40.4866 	EXP 	text: autoDraw = False
40.5145 	EXP 	window1: mouseVisible = True
