0.6916 	WARNING 	We strongly recommend you activate the PTB sound engine in PsychoPy prefs as the preferred audio engine. Its timing is vastly superior. Your prefs are currently set to use ['pyo', 'pygame'] (in that order).
2.1974 	WARNING 	Import Error: No module named 'psychtoolbox'. Using event module for keyboard component.
6.9599 	WARNING 	User requested fullscreen with size [1280  720], but screen is actually [1440, 2560]. Using actual size
8.6201 	EXP 	Created window1 = Window(allowGUI=True, allowStencil=False, args=UNKNOWN, autoLog=True, bitsMode=UNKNOWN, blendMode='avg', bpc=(8, 8, 8), color=array([0., 0., 0.]), colorSpace='rgb', depthBits=8, fullscr=<method-wrapper '__getattribute__' of attributeSetter object at 0x000001D2E80608C8>, gamma=None, gammaErrorPolicy='raise', kwargs=UNKNOWN, lms=UNKNOWN, monitor=<psychopy.monitors.calibTools.Monitor object at 0x000001D2E80ADC08>, multiSample=False, name='window1', numSamples=2, pos=[0.0, 0.0], screen=1, size=array([1440, 2560]), stencilBits=0, stereo=False, units='height', useFBO=True, useRetina=False, viewOri=0.0, viewPos=None, viewScale=None, waitBlanking=True, winType='pyglet')
8.6201 	EXP 	window1: recordFrameIntervals = False
8.7870 	EXP 	window1: recordFrameIntervals = True
8.9695 	EXP 	window1: recordFrameIntervals = False
9.1050 	EXP 	Created text_2 = TextStim(__class__=<class 'psychopy.visual.text.TextStim'>, alignHoriz=method-wrapper(...), alignText='center', alignVert=method-wrapper(...), anchorHoriz='center', anchorVert='center', antialias=True, autoLog=True, bold=False, color='white', colorSpace='named', contrast=1.0, depth=-1.0, flipHoriz=False, flipVert=False, font='Arial', fontFiles=[], height=0.1, italic=False, languageStyle='LTR', name='text_2', opacity=1.0, ori=0, pos=array([0., 0.]), rgb=array([255., 255., 255.]), text='Waiting for trigger', units='height', win=Window(...), wrapWidth=1)
9.1063 	EXP 	Created fiCross1 = ShapeStim(__class__=<class 'psychopy.visual.shape.ShapeStim'>, autoDraw=False, autoLog=True, closeShape=True, contrast=1.0, depth=0.0, fillColor=array([1., 1., 1.]), fillColorSpace='rgb', interpolate=True, lineColor=array([1., 1., 1.]), lineColorSpace='rgb', lineWidth=1, name='fiCross1', opacity=1.0, ori=array(0.), pos=array([0., 0.]), size=array([0.1, 0.1]), units='height', vertices=ndarray(...), win=Window(...), windingRule=None)
10.5630 	EXP 	Created Listen = ImageStim(__class__=<class 'psychopy.visual.image.ImageStim'>, autoLog=True, color=array([1., 1., 1.]), colorSpace='rgb', contrast=1.0, depth=0.0, flipHoriz=False, flipVert=False, image='Images/heartbeat.png', interpolate=True, mask=None, maskParams=None, name='Listen', opacity=1.0, ori=0.0, pos=array([ 0. , -0.2]), size=array([0.18480903, 0.15169271]), texRes=128, units='height', win=Window(...))
10.5790 	EXP 	Created textListen = TextStim(__class__=<class 'psychopy.visual.text.TextStim'>, alignHoriz=method-wrapper(...), alignText='center', alignVert=method-wrapper(...), anchorHoriz='center', anchorVert='center', antialias=True, autoLog=True, bold=False, color='white', colorSpace='named', contrast=1.0, depth=-1.0, flipHoriz=False, flipVert=False, font='Arial', fontFiles=[], height=0.04, italic=False, languageStyle='LTR', name='textListen', opacity=1.0, ori=0, pos=array([0. , 0.2]), rgb=array([255., 255., 255.]), text='Listen to your Heart', units='height', win=Window(...), wrapWidth=1)
10.5848 	EXP 	Created text_3 = TextStim(__class__=<class 'psychopy.visual.text.TextStim'>, alignHoriz=method-wrapper(...), alignText='center', alignVert=method-wrapper(...), anchorHoriz='center', anchorVert='center', antialias=True, autoLog=True, bold=False, color='white', colorSpace='named', contrast=1.0, depth=0.0, flipHoriz=False, flipVert=False, font='Arial', fontFiles=[], height=0.04, italic=False, languageStyle='LTR', name='text_3', opacity=1.0, ori=0, pos=array([0. , 0.2]), rgb=array([255., 255., 255.]), text='Listen to the tones', units='height', win=Window(...), wrapWidth=1)
10.6703 	EXP 	Created image_2 = ImageStim(__class__=<class 'psychopy.visual.image.ImageStim'>, autoLog=True, color=array([1., 1., 1.]), colorSpace='rgb', contrast=1.0, depth=-1.0, flipHoriz=False, flipVert=False, image='Images/Listen.png', interpolate=True, mask=None, maskParams=None, name='image_2', opacity=1.0, ori=0.0, pos=array([ 0. , -0.2]), size=array([0.15, 0.15]), texRes=128, units='height', win=Window(...))
11.8334 	EXP 	Set  sound=C
11.8562 	EXP 	Set sound_2 sound=A
11.8562 	EXP 	Sound sound_2 set volume 1.000
11.8575 	EXP 	Created fiCross2 = ShapeStim(__class__=<class 'psychopy.visual.shape.ShapeStim'>, autoDraw=False, autoLog=True, closeShape=True, contrast=1.0, depth=0.0, fillColor=array([1., 1., 1.]), fillColorSpace='rgb', interpolate=True, lineColor=array([1., 1., 1.]), lineColorSpace='rgb', lineWidth=1, name='fiCross2', opacity=1.0, ori=array(0.), pos=array([0., 0.]), size=array([0.1, 0.1]), units='height', vertices=ndarray(...), win=Window(...), windingRule=None)
11.8792 	EXP 	Set sound_1 sound=A
11.8792 	EXP 	Sound sound_1 set volume 1.000
11.9196 	EXP 	Created textDecision = TextStim(__class__=<class 'psychopy.visual.text.TextStim'>, alignHoriz=method-wrapper(...), alignText='center', alignVert=method-wrapper(...), anchorHoriz='center', anchorVert='center', antialias=True, autoLog=True, bold=False, color='white', colorSpace='named', contrast=1.0, depth=-2.0, flipHoriz=False, flipVert=False, font='Arial', fontFiles=[], height=0.05, italic=False, languageStyle='LTR', name='textDecision', opacity=1.0, ori=0, pos=array([0. , 0.2]), rgb=array([255., 255., 255.]), text=str(...), units='height', win=Window(...), wrapWidth=1)
12.5946 	EXP 	Created image = ImageStim(__class__=<class 'psychopy.visual.image.ImageStim'>, autoLog=True, color=array([1., 1., 1.]), colorSpace='rgb', contrast=1.0, depth=-3.0, flipHoriz=False, flipVert=False, image='Images/listenResponse.png', interpolate=True, mask=None, maskParams=None, name='image', opacity=1.0, ori=0.0, pos=array([ 0. , -0.2]), size=array([0.39609375, 0.16111111]), texRes=128, units='height', win=Window(...))
12.6472 	EXP 	Created text_Less = TextStim(__class__=<class 'psychopy.visual.text.TextStim'>, alignHoriz=method-wrapper(...), alignText='center', alignVert=method-wrapper(...), anchorHoriz='center', anchorVert='center', antialias=True, autoLog=True, bold=False, color='white', colorSpace='named', contrast=1.0, depth=-6.0, flipHoriz=False, flipVert=False, font='Arial', fontFiles=[], height=0.1, italic=False, languageStyle='LTR', name='text_Less', opacity=1.0, ori=0, pos=array([-0.2,  0. ]), rgb=array([255., 255., 255.]), text='Less', units='height', win=Window(...), wrapWidth=1)
12.6594 	EXP 	Created text_More = TextStim(__class__=<class 'psychopy.visual.text.TextStim'>, alignHoriz=method-wrapper(...), alignText='center', alignVert=method-wrapper(...), anchorHoriz='center', anchorVert='center', antialias=True, autoLog=True, bold=False, color='white', colorSpace='named', contrast=1.0, depth=-7.0, flipHoriz=False, flipVert=False, font='Arial', fontFiles=[], height=0.1, italic=False, languageStyle='LTR', name='text_More', opacity=1.0, ori=0, pos=array([0.2, 0. ]), rgb=array([255., 255., 255.]), text='More', units='height', win=Window(...), wrapWidth=1)
12.7044 	EXP 	Created rating = RatingScale(__class__=type(...), acceptKeys=['return'], acceptPreText=UNKNOWN, acceptSize=UNKNOWN, acceptText='accept?', autoLog=True, choices=False, depth=0, disappear=True, flipVert=False, high=1, kwargs=UNKNOWN, labels=list(...), leftKeys=['left'], lineColor='White', low=0, marker=ShapeStim(...), markerColor='DarkBlue', markerExpansion=UNKNOWN, markerStart=None, maxTime=0.0, minTime=0.4, mouseOnly=False, name='rating', noMouse=False, pos=[0.0, -0.4], precision=100, respKeys=['0', '1'], rightKeys=['right'], scale='<default>', self=UNKNOWN, showAccept=True, showValue=False, singleClick=True, size=0.6, skipKeys=['tab'], stretch=1.0, textColor='LightGray', textFont='Helvetica Bold', textSize=0.12, tickHeight=1.0, tickMarks=1.0, win=Window(...))
12.7830 	EXP 	Created text = TextStim(__class__=<class 'psychopy.visual.text.TextStim'>, alignHoriz=method-wrapper(...), alignText='center', alignVert=method-wrapper(...), anchorHoriz='center', anchorVert='center', antialias=True, autoLog=True, bold=False, color='white', colorSpace='named', contrast=1.0, depth=0.0, flipHoriz=False, flipVert=False, font='Arial', fontFiles=[], height=0.1, italic=False, languageStyle='LTR', name='text', opacity=1.0, ori=0, pos=array([0., 0.]), rgb=array([255., 255., 255.]), text=str(...), units='height', win=Window(...), wrapWidth=1)
12.7909 	EXP 	rating: flipVert = False
12.7909 	EXP 	rating: autoLog = True
12.7909 	EXP 	text_2: autoDraw = True
13.3088 	DATA 	Keypress: 5
13.3168 	EXP 	Imported Conditions.xlsx as conditions, 2 conditions, 1 params
13.3172 	EXP 	Created sequence: random, trialTypes=2, nReps=1, seed=None
13.3176 	EXP 	New trial (rep=0, index=0): OrderedDict([('condition', 'Intero')])
13.3283 	EXP 	text_2: autoDraw = False
13.3283 	EXP 	fiCross1: autoDraw = True
15.0255 	EXP 	Created sequence: random, trialTypes=1, nReps=1, seed=None
15.0256 	EXP 	New trial (rep=0, index=0): None
15.7998 	EXP 	fiCross1: autoDraw = False
15.7998 	EXP 	fiCross1: autoDraw = False
15.7998 	EXP 	Listen: autoDraw = True
15.7998 	EXP 	textListen: autoDraw = True
20.0306 	EXP 	Created sequence: random, trialTypes=1, nReps=0, seed=None
20.0462 	EXP 	Listen: autoDraw = False
20.0462 	EXP 	textListen: autoDraw = False
20.0462 	EXP 	fiCross2: autoDraw = True
20.1401 	EXP 	Set sound_1 sound=C:\Users\au646069\github\Cardioception\cardioception\HeartRateDiscrimination\fMRI\sounds\72.wav
20.1409 	EXP 	Sound sound_1 started
20.1611 	EXP 	fiCross2: autoDraw = False
20.1611 	EXP 	fiCross2: autoDraw = False
20.1611 	EXP 	textDecision: autoDraw = True
20.1611 	EXP 	image: autoDraw = True
20.1611 	EXP 	text_Less: autoDraw = True
20.1611 	EXP 	text_More: autoDraw = True
21.8150 	DATA 	Mouse: Left button down, pos=(500,1724)
21.9147 	DATA 	Mouse:  Left button up, pos=(500,1724)
25.1343 	EXP 	Sound sound_1 stopped
25.1583 	EXP 	RatingScale rating: reset()
25.1698 	EXP 	textDecision: autoDraw = False
25.1698 	EXP 	image: autoDraw = False
25.1698 	EXP 	text_Less: autoDraw = False
25.1698 	EXP 	text_More: autoDraw = False
25.1698 	EXP 	rating: autoDraw = True
28.1369 	EXP 	New trial (rep=0, index=1): OrderedDict([('condition', 'Extero')])
28.1526 	EXP 	rating: autoDraw = False
28.1526 	EXP 	fiCross1: autoDraw = True
30.0384 	EXP 	Created sequence: random, trialTypes=1, nReps=0, seed=None
30.0386 	EXP 	Created sequence: random, trialTypes=1, nReps=1, seed=None
30.0388 	EXP 	New trial (rep=0, index=0): None
30.0633 	EXP 	Set sound_2 sound=C:\Users\au646069\github\Cardioception\cardioception\HeartRateDiscrimination\fMRI\sounds\68.wav
30.0641 	EXP 	Sound sound_2 started
30.0764 	EXP 	fiCross1: autoDraw = False
30.0764 	EXP 	fiCross1: autoDraw = False
30.0764 	EXP 	text_3: autoDraw = True
30.0764 	EXP 	image_2: autoDraw = True
35.0430 	EXP 	Sound sound_2 stopped
35.0589 	EXP 	text_3: autoDraw = False
35.0589 	EXP 	image_2: autoDraw = False
35.0589 	EXP 	fiCross2: autoDraw = True
36.8481 	EXP 	Set sound_1 sound=C:\Users\au646069\github\Cardioception\cardioception\HeartRateDiscrimination\fMRI\sounds\68.wav
36.8488 	EXP 	Sound sound_1 started
36.8635 	EXP 	fiCross2: autoDraw = False
36.8635 	EXP 	fiCross2: autoDraw = False
36.8635 	EXP 	textDecision: autoDraw = True
36.8635 	EXP 	image: autoDraw = True
36.8635 	EXP 	text_Less: autoDraw = True
36.8635 	EXP 	text_More: autoDraw = True
41.8474 	EXP 	Sound sound_1 stopped
41.8710 	EXP 	RatingScale rating: reset()
41.8788 	EXP 	textDecision: autoDraw = False
41.8788 	EXP 	image: autoDraw = False
41.8788 	EXP 	text_Less: autoDraw = False
41.8788 	EXP 	text_More: autoDraw = False
41.8788 	EXP 	rating: autoDraw = True
44.7510 	DATA 	Mouse: Left button down, pos=(905,792)
44.7511 	DATA 	RatingScale rating: (mouse single-click) rating=0.93
44.7511 	DATA 	RatingScale rating: rating RT=2.880
44.7511 	DATA 	RatingScale rating: history=[(None, 0.0), (0.93, 2.88)]
44.7832 	EXP 	rating: autoDraw = False
44.7832 	EXP 	text: autoDraw = True
44.8344 	DATA 	Mouse:  Left button up, pos=(907,792)
45.7839 	EXP 	text: autoDraw = False
45.7839 	EXP 	text: autoDraw = False
45.8231 	EXP 	window1: mouseVisible = True
