Traceback (most recent call last):
  File "/opt/hostedtoolcache/Python/3.9.16/x64/lib/python3.9/site-packages/jupyter_cache/executors/utils.py", line 58, in single_nb_execution
    executenb(
  File "/opt/hostedtoolcache/Python/3.9.16/x64/lib/python3.9/site-packages/nbclient/client.py", line 1204, in execute
    return NotebookClient(nb=nb, resources=resources, km=km, **kwargs).execute()
  File "/opt/hostedtoolcache/Python/3.9.16/x64/lib/python3.9/site-packages/nbclient/util.py", line 84, in wrapped
    return just_run(coro(*args, **kwargs))
  File "/opt/hostedtoolcache/Python/3.9.16/x64/lib/python3.9/site-packages/nbclient/util.py", line 62, in just_run
    return loop.run_until_complete(coro)
  File "/opt/hostedtoolcache/Python/3.9.16/x64/lib/python3.9/asyncio/base_events.py", line 647, in run_until_complete
    return future.result()
  File "/opt/hostedtoolcache/Python/3.9.16/x64/lib/python3.9/site-packages/nbclient/client.py", line 663, in async_execute
    await self.async_execute_cell(
  File "/opt/hostedtoolcache/Python/3.9.16/x64/lib/python3.9/site-packages/nbclient/client.py", line 965, in async_execute_cell
    await self._check_raise_for_error(cell, cell_index, exec_reply)
  File "/opt/hostedtoolcache/Python/3.9.16/x64/lib/python3.9/site-packages/nbclient/client.py", line 862, in _check_raise_for_error
    raise CellExecutionError.from_cell_and_msg(cell, exec_reply_content)
nbclient.exceptions.CellExecutionError: An error occurred while executing the following cell:
------------------
from pathlib import Path
import matplotlib.pyplot as plt
import numpy as np
import pandas as pd
import pingouin as pg
import seaborn as sns
from metadpy import sdt
from metadpy.plotting import plot_confidence
from metadpy.utils import discreteRatings, trials2counts
from scipy.stats import norm
from systole.detection import ppg_peaks

sns.set_context('talk')
%matplotlib inline
------------------

[0;31m---------------------------------------------------------------------------[0m
[0;31mModuleNotFoundError[0m                       Traceback (most recent call last)
Cell [0;32mIn[2], line 7[0m
[1;32m      5[0m [38;5;28;01mimport[39;00m [38;5;21;01mpingouin[39;00m [38;5;28;01mas[39;00m [38;5;21;01mpg[39;00m
[1;32m      6[0m [38;5;28;01mimport[39;00m [38;5;21;01mseaborn[39;00m [38;5;28;01mas[39;00m [38;5;21;01msns[39;00m
[0;32m----> 7[0m [38;5;28;01mfrom[39;00m [38;5;21;01mmetadpy[39;00m [38;5;28;01mimport[39;00m sdt
[1;32m      8[0m [38;5;28;01mfrom[39;00m [38;5;21;01mmetadpy[39;00m[38;5;21;01m.[39;00m[38;5;21;01mplotting[39;00m [38;5;28;01mimport[39;00m plot_confidence
[1;32m      9[0m [38;5;28;01mfrom[39;00m [38;5;21;01mmetadpy[39;00m[38;5;21;01m.[39;00m[38;5;21;01mutils[39;00m [38;5;28;01mimport[39;00m discreteRatings, trials2counts

[0;31mModuleNotFoundError[0m: No module named 'metadpy'
ModuleNotFoundError: No module named 'metadpy'

